/Users/Gungnir/quast-4.3/quast.py -o ./output/read_1/ ./spahi1/contigs.fasta ./spalow1/contigs.fasta ./velhi1/contigs.fa ./vellow1/contigs.fa

Version: 4.3

System information:
  OS: Darwin-15.6.0-x86_64-i386-64bit (macosx)
  Python version: 2.7.10
  CPUs number: 4

Started: 2016-09-16 17:44:19

Logging to /Users/Gungnir/qbb2016-answers/week02/output/read_1/quast.log
NOTICE: Maximum number of threads is set to 1 (use --threads option to set it manually)

CWD: /Users/Gungnir/qbb2016-answers/week02
Main parameters: 
  Threads: 1, minimum contig length: 500, ambiguity: one, threshold for extensive misassembly size: 1000

Contigs:
  Pre-processing...
  1  ./spahi1/contigs.fasta ==> spahi1_contigs
  2  ./spalow1/contigs.fasta ==> spalow1_contigs
  3  ./velhi1/contigs.fa ==> velhi1_contigs
  4  ./vellow1/contigs.fa ==> vellow1_contigs

2016-09-16 17:44:19
Running Basic statistics processor...
  Contig files: 
    1  spahi1_contigs
    2  spalow1_contigs
    3  velhi1_contigs
    4  vellow1_contigs
  Calculating N50 and L50...
    1  spahi1_contigs, N50 = 100255, L50 = 1, Total length = 100255, GC % = 52.60, # N's per 100 kbp =  0.00
    2  spalow1_contigs, N50 = 590, L50 = 2, Total length = 1809, GC % = 52.68, # N's per 100 kbp =  0.00
    3  velhi1_contigs, N50 = 33247, L50 = 2, Total length = 99537, GC % = 52.57, # N's per 100 kbp =  0.00
    4  vellow1_contigs, N50 = 563, L50 = 1, Total length = 563, GC % = 55.24, # N's per 100 kbp =  0.00
  Drawing Nx plot...
    saved to /Users/Gungnir/qbb2016-answers/week02/output/read_1/basic_stats/Nx_plot.pdf
  Drawing cumulative plot...
    saved to /Users/Gungnir/qbb2016-answers/week02/output/read_1/basic_stats/cumulative_plot.pdf
  Drawing GC content plot...
    saved to /Users/Gungnir/qbb2016-answers/week02/output/read_1/basic_stats/GC_content_plot.pdf
  Drawing Coverage histogram (bin size: 1x)...
    saved to /Users/Gungnir/qbb2016-answers/week02/output/read_1/basic_stats/coverage_histogram.pdf
  Drawing spahi1_contigs coverage histogram (bin size: 1x)...
    saved to /Users/Gungnir/qbb2016-answers/week02/output/read_1/basic_stats/spahi1_contigs_coverage_histogram.pdf
  Drawing spalow1_contigs coverage histogram (bin size: 1x)...
    saved to /Users/Gungnir/qbb2016-answers/week02/output/read_1/basic_stats/spalow1_contigs_coverage_histogram.pdf
  Drawing velhi1_contigs coverage histogram (bin size: 4x)...
    saved to /Users/Gungnir/qbb2016-answers/week02/output/read_1/basic_stats/velhi1_contigs_coverage_histogram.pdf
  Drawing vellow1_contigs coverage histogram (bin size: 1x)...
    saved to /Users/Gungnir/qbb2016-answers/week02/output/read_1/basic_stats/vellow1_contigs_coverage_histogram.pdf
Done.

NOTICE: Genes are not predicted by default. Use --gene-finding option to enable it.

2016-09-16 17:44:22
Creating large visual summaries...
This may take a while: press Ctrl-C to skip this step..
  1 of 2: Creating Icarus viewers...
  2 of 2: Creating PDF with all tables and plots...
Done

2016-09-16 17:44:24
RESULTS:
  Text versions of total report are saved to /Users/Gungnir/qbb2016-answers/week02/output/read_1/report.txt, report.tsv, and report.tex
  Text versions of transposed total report are saved to /Users/Gungnir/qbb2016-answers/week02/output/read_1/transposed_report.txt, transposed_report.tsv, and transposed_report.tex
  HTML version (interactive tables and plots) saved to /Users/Gungnir/qbb2016-answers/week02/output/read_1/report.html
  PDF version (tables and plots) is saved to /Users/Gungnir/qbb2016-answers/week02/output/read_1/report.pdf
  Icarus (contig browser) is saved to /Users/Gungnir/qbb2016-answers/week02/output/read_1/icarus.html
  Log saved to /Users/Gungnir/qbb2016-answers/week02/output/read_1/quast.log

Finished: 2016-09-16 17:44:24
Elapsed time: 0:00:04.961210
NOTICEs: 2; WARNINGs: 0; non-fatal ERRORs: 0

Thank you for using QUAST!
