Command line: /usr/local/bin/spades.py	--pe1-12	/Users/Gungnir/qbb2016-answers/week02/reads_2.fastq	--only-assembler	-o	/Users/Gungnir/qbb2016-answers/week02/spahi2	

System information:
  SPAdes version: 3.9.0
  Python version: 3.5.1
  OS: Darwin-15.6.0-x86_64-i386-64bit

Output dir: /Users/Gungnir/qbb2016-answers/week02/spahi2
Mode: ONLY assembling (without read error correction)
Debug mode is turned OFF

Dataset parameters:
  Multi-cell mode (you should set '--sc' flag if input data was obtained with MDA (single-cell) technology or --meta flag if processing metagenomic dataset)
  Reads:
    Library number: 1, library type: paired-end
      orientation: fr
      left reads: not specified
      right reads: not specified
      interlaced reads: ['/Users/Gungnir/qbb2016-answers/week02/reads_2.fastq']
      single reads: not specified
Assembly parameters:
  k: automatic selection based on read length
  Repeat resolution is enabled
  Mismatch careful mode is turned OFF
  MismatchCorrector will be SKIPPED
  Coverage cutoff is turned OFF
Other parameters:
  Dir for temp files: /Users/Gungnir/qbb2016-answers/week02/spahi2/tmp
  Threads: 16
  Memory limit (in Gb): 250


======= SPAdes pipeline started. Log can be found here: /Users/Gungnir/qbb2016-answers/week02/spahi2/spades.log

== Splitting /Users/Gungnir/qbb2016-answers/week02/reads_2.fastq into left and right reads (in /Users/Gungnir/qbb2016-answers/week02/spahi2/split_input directory)

===== Assembling started.


== Running assembler: K21

  0:00:00.000     4M / 4M    INFO    General                 (main.cpp                  :  75)   Loading config from /Users/Gungnir/qbb2016-answers/week02/spahi2/K21/configs/config.info
  0:00:00.000     4M / 4M    INFO    General                 (memory_limit.hpp          :  47)   Memory limit set to 250 Gb
  0:00:00.000     4M / 4M    INFO    General                 (main.cpp                  :  88)   Starting SPAdes, built from N/A, git revision N/A
  0:00:00.000     4M / 4M    INFO    General                 (main.cpp                  :  89)   Maximum k-mer length: 128
  0:00:00.000     4M / 4M    INFO    General                 (main.cpp                  :  90)   Assembling dataset (/Users/Gungnir/qbb2016-answers/week02/spahi2/dataset.info) with K=21
  0:00:00.000     4M / 4M    INFO    General                 (launch.hpp                :  29)   SPAdes started
  0:00:00.000     4M / 4M    INFO    General                 (launch.hpp                :  36)   Starting from stage: construction
  0:00:00.000     4M / 4M    INFO    General                 (launch.hpp                :  39)   Two-step RR enabled: 0
  0:00:00.002     4M / 4M    INFO   StageManager             (stage.cpp                 : 126)   STAGE == Construction
  0:00:00.015     4M / 4M    INFO    General                 (read_converter.hpp        :  78)   Converting reads to binary format for library #0 (takes a while)
  0:00:00.015     4M / 4M    INFO    General                 (read_converter.hpp        :  79)   Converting paired reads
  0:00:00.380    76M / 84M   INFO    General                 (binary_converter.hpp      : 139)   16384 reads processed
  0:00:00.625    80M / 84M   INFO    General                 (binary_converter.hpp      : 139)   32768 reads processed
  0:00:01.074    96M / 96M   INFO    General                 (binary_converter.hpp      : 139)   65536 reads processed
  0:00:01.998   128M / 128M  INFO    General                 (binary_converter.hpp      : 139)   131072 reads processed
  0:00:02.626   136M / 136M  INFO    General                 (binary_converter.hpp      : 159)   153087 reads written
  0:00:02.819     4M / 136M  INFO    General                 (read_converter.hpp        :  88)   Converting single reads
  0:00:03.093   132M / 164M  INFO    General                 (binary_converter.hpp      : 159)   0 reads written
  0:00:03.148     4M / 164M  INFO    General                 (graph_construction.hpp    : 120)   Constructing DeBruijn graph for k=21
  0:00:03.148     4M / 164M  INFO    General                 (kmer_splitters.hpp        : 130)   Splitting kmer instances into 16 buckets. This might take a while.
  0:00:03.148     4M / 164M  INFO    General                 (file_limit.hpp            :  30)   Open file limit set to 256
  0:00:03.149     4M / 164M  INFO    General                 (kmer_index_builder.hpp    : 105)   Memory available for splitting buffers: 20.833 Gb
  0:00:03.149     4M / 164M  INFO    General                 (kmer_index_builder.hpp    : 113)   Using cell size of 4194304
  0:00:06.424     2G / 2G    INFO    General                 (kmer_splitters.hpp        : 154)   Processed 612348 reads
  0:00:06.424     2G / 2G    INFO    General                 (kmer_splitters.hpp        : 160)   Adding contigs from previous K
  0:00:06.424     2G / 2G    INFO    General                 (kmer_splitters.hpp        : 171)   Used 612348 reads. Maximum read length 100
  0:00:06.424     2G / 2G    INFO    General                 (kmer_splitters.hpp        : 172)   Average read length 90.5266
  0:00:06.424     2G / 2G    INFO    General                 (kmer_index_builder.hpp    : 232)   Starting k-mer counting.
  0:00:06.430     2G / 2G    INFO    General                 (kmer_index_builder.hpp    : 238)   K-mer counting done. There are 101104 kmers in total.
  0:00:06.430     2G / 2G    INFO    General                 (kmer_index_builder.hpp    : 240)   Merging temporary buckets.
  0:00:06.446     2G / 2G    INFO   K-mer Index Building     (kmer_index_builder.hpp    : 346)   Building kmer index
  0:00:06.446     2G / 2G    INFO    General                 (kmer_splitters.hpp        : 282)   Splitting kmer instances into 64 buckets. This might take a while.
  0:00:06.446     2G / 2G    INFO    General                 (file_limit.hpp            :  30)   Open file limit set to 256
  0:00:06.446     2G / 2G    INFO    General                 (kmer_index_builder.hpp    : 105)   Memory available for splitting buffers: 20.6445 Gb
  0:00:06.446     2G / 2G    INFO    General                 (kmer_index_builder.hpp    : 113)   Using cell size of 1048576
  0:00:06.550     5G / 5G    INFO    General                 (kmer_splitters.hpp        : 301)   Processed 101104 kmers
  0:00:06.550     5G / 5G    INFO    General                 (kmer_splitters.hpp        : 306)   Used 101104 kmers.
  0:00:06.550     5G / 5G    INFO    General                 (kmer_index_builder.hpp    : 232)   Starting k-mer counting.
  0:00:06.568     5G / 5G    INFO    General                 (kmer_index_builder.hpp    : 238)   K-mer counting done. There are 101070 kmers in total.
  0:00:06.568     5G / 5G    INFO    General                 (kmer_index_builder.hpp    : 240)   Merging temporary buckets.
  0:00:06.611     5G / 5G    INFO   K-mer Index Building     (kmer_index_builder.hpp    : 355)   Building perfect hash indices
  0:00:06.622     5G / 5G    INFO    General                 (kmer_index_builder.hpp    : 256)   Merging final buckets.
  0:00:06.626     5G / 5G    INFO   K-mer Index Building     (kmer_index_builder.hpp    : 401)   Index built. Total 33168 bytes occupied (2.62535 bits per kmer).
  0:00:06.626     5G / 5G    INFO   DeBruijnExtensionIndexBu (kmer_extension_index_build:  85)   Building k-mer extensions from k+1-mers
  0:00:06.684     5G / 5G    INFO   DeBruijnExtensionIndexBu (kmer_extension_index_build:  89)   Building k-mer extensions from k+1-mers finished.
  0:00:06.697    16M / 5G    INFO   Early tip clipping       (early_simplification.hpp  : 182)   Early tip clipping
  0:00:06.780    16M / 5G    INFO   Early tip clipping       (early_simplification.hpp  : 185)   704 22-mers were removed by early tip clipper
  0:00:06.780    16M / 5G    INFO    General                 (graph_construction.hpp    : 136)   Condensing graph
  0:00:06.780    16M / 5G    INFO   UnbranchingPathExtractor (debruijn_graph_constructor: 330)   Extracting unbranching paths
  0:00:06.874    16M / 5G    INFO   UnbranchingPathExtractor (debruijn_graph_constructor: 344)   Extracting unbranching paths finished. 236 sequences extracted
  0:00:06.908    16M / 5G    INFO   UnbranchingPathExtractor (debruijn_graph_constructor: 304)   Collecting perfect loops
  0:00:06.945    16M / 5G    INFO   UnbranchingPathExtractor (debruijn_graph_constructor: 319)   Collecting perfect loops finished. 0 loops collected
  0:00:06.947    16M / 5G    INFO    General                 (graph_construction.hpp    : 141)   Building index with from graph
  0:00:06.947    16M / 5G    INFO   K-mer Index Building     (kmer_index_builder.hpp    : 346)   Building kmer index
  0:00:06.947    16M / 5G    INFO    General                 (kmer_splitters.hpp        : 213)   Splitting kmer instances into 16 buckets. This might take a while.
  0:00:06.947    16M / 5G    INFO    General                 (file_limit.hpp            :  30)   Open file limit set to 256
  0:00:06.947    16M / 5G    INFO    General                 (kmer_index_builder.hpp    : 105)   Memory available for splitting buffers: 83.3281 Gb
  0:00:06.947    16M / 5G    INFO    General                 (kmer_index_builder.hpp    : 113)   Using cell size of 4194304
  0:00:06.980   592M / 5G    INFO    General                 (kmer_splitters.hpp        : 229)   Used 236 sequences.
  0:00:06.980   592M / 5G    INFO    General                 (kmer_index_builder.hpp    : 232)   Starting k-mer counting.
  0:00:06.995   592M / 5G    INFO    General                 (kmer_index_builder.hpp    : 238)   K-mer counting done. There are 100400 kmers in total.
  0:00:06.995   592M / 5G    INFO    General                 (kmer_index_builder.hpp    : 240)   Merging temporary buckets.
  0:00:07.017   592M / 5G    INFO   K-mer Index Building     (kmer_index_builder.hpp    : 355)   Building perfect hash indices
  0:00:07.045   592M / 5G    INFO    General                 (kmer_index_builder.hpp    : 256)   Merging final buckets.
  0:00:07.049   592M / 5G    INFO   K-mer Index Building     (kmer_index_builder.hpp    : 401)   Index built. Total 32960 bytes occupied (2.62629 bits per kmer).
  0:00:07.050    16M / 5G    INFO    General                 (edge_index_builders.hpp   :  27)   Collecting k-mer coverage information from graph, this takes a while.
  0:00:07.117    16M / 5G    INFO    General                 (edge_index.hpp            :  91)   Index refilled
  0:00:07.118    16M / 5G    INFO    General                 (graph_construction.hpp    : 173)   Filling coverage index
  0:00:07.118    16M / 5G    INFO    General                 (edge_index_builders.hpp   : 105)   Collecting k-mer coverage information from reads, this takes a while.
  0:00:12.644    16M / 5G    INFO    General                 (graph_construction.hpp    : 175)   Filling coverage and flanking coverage from index
  0:00:12.646    16M / 5G    INFO    General                 (construction.cpp          :  30)   Figured out: read length = 100
  0:00:12.646    16M / 5G    INFO   StageManager             (stage.cpp                 : 126)   STAGE == EC Threshold Finding
  0:00:12.656    16M / 5G    INFO    General                 (kmer_coverage_model.cpp   : 180)   Kmer coverage valley at: 4
  0:00:12.656    16M / 5G    INFO    General                 (kmer_coverage_model.cpp   : 200)   K-mer histogram maximum: 204
  0:00:12.656    16M / 5G    INFO    General                 (kmer_coverage_model.cpp   : 236)   Estimated median coverage: 204. Coverage mad: 37.065
  0:00:12.656    16M / 5G    INFO    General                 (kmer_coverage_model.cpp   : 275)   Fitting coverage model
  0:00:12.836    16M / 5G    INFO    General                 (kmer_coverage_model.cpp   : 311)   ... iteration 2
  0:00:13.223    16M / 5G    INFO    General                 (kmer_coverage_model.cpp   : 311)   ... iteration 4
  0:00:14.995    16M / 5G    INFO    General                 (kmer_coverage_model.cpp   : 311)   ... iteration 8
  0:00:18.569    16M / 5G    INFO    General                 (kmer_coverage_model.cpp   : 311)   ... iteration 16
  0:00:23.614    16M / 5G    INFO    General                 (kmer_coverage_model.cpp   : 311)   ... iteration 32
  0:00:24.215    16M / 5G    INFO    General                 (kmer_coverage_model.cpp   : 325)   Fitted mean coverage: 201.766. Fitted coverage std. dev: 36.8544
  0:00:24.225    16M / 5G    INFO    General                 (kmer_coverage_model.cpp   : 350)   Probability of erroneous kmer at valley: 0.995168
  0:00:24.225    16M / 5G    INFO    General                 (kmer_coverage_model.cpp   : 374)   Preliminary threshold calculated as: 127
  0:00:24.225    16M / 5G    INFO    General                 (kmer_coverage_model.cpp   : 378)   Threshold adjusted to: 102
  0:00:24.225    16M / 5G    INFO    General                 (kmer_coverage_model.cpp   : 391)   Estimated genome size (ignoring repeats): 98540
  0:00:24.225    16M / 5G    INFO    General                 (genomic_info_filler.cpp   : 133)   Mean coverage was calculated as 201.766
  0:00:24.225    16M / 5G    INFO    General                 (genomic_info_filler.cpp   : 147)   EC coverage threshold value was calculated as 102
  0:00:24.225    16M / 5G    INFO    General                 (genomic_info_filler.cpp   : 148)   Trusted kmer low bound: 0
  0:00:24.225    16M / 5G    INFO   StageManager             (stage.cpp                 : 126)   STAGE == Simplification
  0:00:24.234    16M / 5G    INFO    General                 (simplification.cpp        : 349)   Graph simplification started
  0:00:24.236    16M / 5G    INFO    General                 (simplification.cpp        :  98)   PROCEDURE == InitialCleaning
  0:00:24.244    16M / 5G    INFO    General                 (graph_simplification.hpp  : 577)   Removing isolated edges
  0:00:24.244    16M / 5G    INFO    General                 (graph_simplification.hpp  : 578)   All isolated edges shorter than 100 will be removed
  0:00:24.244    16M / 5G    INFO    General                 (graph_simplification.hpp  : 579)   Also isolated edges shorter than 0 and coverage smaller than 0 will be removed
  0:00:24.244    16M / 5G    INFO    General                 (graph_simplification.hpp  : 850)   Flanking coverage based disconnection disabled
  0:00:24.244    16M / 5G    INFO    General                 (simplification.cpp        : 326)   Running Self conjugate edge remover
  0:00:24.244    16M / 5G    INFO    General                 (simplification.cpp        : 326)   Running Initial isolated edge remover
  0:00:24.245    16M / 5G    INFO    General                 (simplification.cpp        : 326)   Running Initial tip clipper
  0:00:24.246    16M / 5G    INFO    General                 (simplification.cpp        : 326)   Running Initial ec remover
  0:00:24.247    16M / 5G    INFO    General                 (graph_simplification.hpp  : 763)   Creating parallel br instance
  0:00:24.248    16M / 5G    INFO    General                 (simplification.cpp        : 372)   PROCEDURE == Simplification cycle, iteration 1
  0:00:24.248    16M / 5G    INFO    General                 (simplification.cpp        : 326)   Running Tip clipper
  0:00:24.248    16M / 5G    INFO    General                 (simplification.cpp        : 326)   Running Bulge remover
  0:00:24.271    16M / 5G    INFO    General                 (simplification.cpp        : 326)   Running Low coverage edge remover
  0:00:24.272    16M / 5G    INFO    General                 (simplification.cpp        : 372)   PROCEDURE == Simplification cycle, iteration 2
  0:00:24.272    16M / 5G    INFO    General                 (simplification.cpp        : 326)   Running Tip clipper
  0:00:24.276    16M / 5G    INFO    General                 (simplification.cpp        : 326)   Running Bulge remover
  0:00:24.277    16M / 5G    INFO    General                 (simplification.cpp        : 326)   Running Low coverage edge remover
  0:00:24.277    16M / 5G    INFO    General                 (simplification.cpp        : 372)   PROCEDURE == Simplification cycle, iteration 3
  0:00:24.277    16M / 5G    INFO    General                 (simplification.cpp        : 326)   Running Tip clipper
  0:00:24.277    16M / 5G    INFO    General                 (simplification.cpp        : 326)   Running Bulge remover
  0:00:24.277    16M / 5G    INFO    General                 (simplification.cpp        : 326)   Running Low coverage edge remover
  0:00:24.278    16M / 5G    INFO    General                 (simplification.cpp        : 372)   PROCEDURE == Simplification cycle, iteration 4
  0:00:24.278    16M / 5G    INFO    General                 (simplification.cpp        : 326)   Running Tip clipper
  0:00:24.278    16M / 5G    INFO    General                 (simplification.cpp        : 326)   Running Bulge remover
  0:00:24.278    16M / 5G    INFO    General                 (simplification.cpp        : 326)   Running Low coverage edge remover
  0:00:24.278    16M / 5G    INFO    General                 (simplification.cpp        : 372)   PROCEDURE == Simplification cycle, iteration 5
  0:00:24.278    16M / 5G    INFO    General                 (simplification.cpp        : 326)   Running Tip clipper
  0:00:24.278    16M / 5G    INFO    General                 (simplification.cpp        : 326)   Running Bulge remover
  0:00:24.278    16M / 5G    INFO    General                 (simplification.cpp        : 326)   Running Low coverage edge remover
  0:00:24.278    16M / 5G    INFO    General                 (simplification.cpp        : 372)   PROCEDURE == Simplification cycle, iteration 6
  0:00:24.278    16M / 5G    INFO    General                 (simplification.cpp        : 326)   Running Tip clipper
  0:00:24.278    16M / 5G    INFO    General                 (simplification.cpp        : 326)   Running Bulge remover
  0:00:24.278    16M / 5G    INFO    General                 (simplification.cpp        : 326)   Running Low coverage edge remover
  0:00:24.278    16M / 5G    INFO    General                 (simplification.cpp        : 372)   PROCEDURE == Simplification cycle, iteration 7
  0:00:24.278    16M / 5G    INFO    General                 (simplification.cpp        : 326)   Running Tip clipper
  0:00:24.278    16M / 5G    INFO    General                 (simplification.cpp        : 326)   Running Bulge remover
  0:00:24.278    16M / 5G    INFO    General                 (simplification.cpp        : 326)   Running Low coverage edge remover
  0:00:24.278    16M / 5G    INFO    General                 (simplification.cpp        : 372)   PROCEDURE == Simplification cycle, iteration 8
  0:00:24.278    16M / 5G    INFO    General                 (simplification.cpp        : 326)   Running Tip clipper
  0:00:24.279    16M / 5G    INFO    General                 (simplification.cpp        : 326)   Running Bulge remover
  0:00:24.279    16M / 5G    INFO    General                 (simplification.cpp        : 326)   Running Low coverage edge remover
  0:00:24.279    16M / 5G    INFO    General                 (simplification.cpp        : 372)   PROCEDURE == Simplification cycle, iteration 9
  0:00:24.279    16M / 5G    INFO    General                 (simplification.cpp        : 326)   Running Tip clipper
  0:00:24.279    16M / 5G    INFO    General                 (simplification.cpp        : 326)   Running Bulge remover
  0:00:24.279    16M / 5G    INFO    General                 (simplification.cpp        : 326)   Running Low coverage edge remover
  0:00:24.279    16M / 5G    INFO    General                 (simplification.cpp        : 372)   PROCEDURE == Simplification cycle, iteration 10
  0:00:24.279    16M / 5G    INFO    General                 (simplification.cpp        : 326)   Running Tip clipper
  0:00:24.279    16M / 5G    INFO    General                 (simplification.cpp        : 326)   Running Bulge remover
  0:00:24.279    16M / 5G    INFO    General                 (simplification.cpp        : 326)   Running Low coverage edge remover
  0:00:24.279    16M / 5G    INFO    General                 (simplification.cpp        : 213)   PROCEDURE == Post simplification
  0:00:24.279    16M / 5G    INFO    General                 (graph_simplification.hpp  : 763)   Creating parallel br instance
  0:00:24.279    16M / 5G    INFO    General                 (simplification.cpp        : 268)   Iteration 0
  0:00:24.279    16M / 5G    INFO    General                 (graph_simplification.hpp  : 463)   Removal of relatively low covered connections disabled
  0:00:24.279    16M / 5G    INFO    General                 (graph_simplification.hpp  : 480)   Disconnection of relatively low covered edges disabled
  0:00:24.279    16M / 5G    INFO    General                 (graph_simplification.hpp  : 536)   Complex tip clipping disabled
  0:00:24.279    16M / 5G    INFO    General                 (simplification.cpp        : 326)   Running Tip clipper
  0:00:24.280    16M / 5G    INFO    General                 (simplification.cpp        : 326)   Running Bulge remover
  0:00:24.280    16M / 5G    INFO    General                 (simplification.cpp        : 296)   Disrupting self-conjugate edges
  0:00:24.280    16M / 5G    INFO   StageManager             (stage.cpp                 : 126)   STAGE == Simplification Cleanup
  0:00:24.280    16M / 5G    INFO    General                 (graph_simplification.hpp  : 577)   Removing isolated edges
  0:00:24.280    16M / 5G    INFO    General                 (graph_simplification.hpp  : 578)   All isolated edges shorter than 150 will be removed
  0:00:24.280    16M / 5G    INFO    General                 (graph_simplification.hpp  : 579)   Also isolated edges shorter than 0 and coverage smaller than 2 will be removed
  0:00:24.280    16M / 5G    INFO    General                 (simplification.cpp        : 522)   Counting average coverage
  0:00:24.280    16M / 5G    INFO    General                 (simplification.cpp        : 527)   Average coverage = 213.13
  0:00:24.280    16M / 5G    INFO   StageManager             (stage.cpp                 : 126)   STAGE == Contig Output
  0:00:24.284    16M / 5G    INFO    General                 (contig_output.hpp         : 309)   Outputting contigs to /Users/Gungnir/qbb2016-answers/week02/spahi2//K21/simplified_contigs.fasta
  0:00:24.293    16M / 5G    INFO    General                 (contig_output.hpp         : 309)   Outputting contigs to /Users/Gungnir/qbb2016-answers/week02/spahi2//K21/before_rr.fasta
  0:00:24.302    16M / 5G    INFO    General                 (contig_output.hpp         : 342)   Outputting graph to /Users/Gungnir/qbb2016-answers/week02/spahi2//K21/assembly_graph.fastg
  0:00:24.319    16M / 5G    INFO    General                 (contig_output.hpp         : 309)   Outputting contigs to /Users/Gungnir/qbb2016-answers/week02/spahi2//K21/final_contigs.fasta
  0:00:24.327    16M / 5G    INFO    General                 (launch.hpp                : 121)   SPAdes finished
  0:00:24.328    16M / 5G    INFO    General                 (main.cpp                  : 109)   Assembling time: 0 hours 0 minutes 24 seconds

== Running assembler: K33

  0:00:00.000     4M / 4M    INFO    General                 (main.cpp                  :  75)   Loading config from /Users/Gungnir/qbb2016-answers/week02/spahi2/K33/configs/config.info
  0:00:00.000     4M / 4M    INFO    General                 (memory_limit.hpp          :  47)   Memory limit set to 250 Gb
  0:00:00.000     4M / 4M    INFO    General                 (main.cpp                  :  88)   Starting SPAdes, built from N/A, git revision N/A
  0:00:00.000     4M / 4M    INFO    General                 (main.cpp                  :  89)   Maximum k-mer length: 128
  0:00:00.000     4M / 4M    INFO    General                 (main.cpp                  :  90)   Assembling dataset (/Users/Gungnir/qbb2016-answers/week02/spahi2/dataset.info) with K=33
  0:00:00.000     4M / 4M    INFO    General                 (launch.hpp                :  29)   SPAdes started
  0:00:00.000     4M / 4M    INFO    General                 (launch.hpp                :  36)   Starting from stage: construction
  0:00:00.000     4M / 4M    INFO    General                 (launch.hpp                :  39)   Two-step RR enabled: 0
  0:00:00.000     4M / 4M    INFO   StageManager             (stage.cpp                 : 126)   STAGE == Construction
  0:00:00.000     4M / 4M    INFO    General                 (read_converter.hpp        :  61)   Binary reads detected
  0:00:00.000     4M / 4M    INFO    General                 (graph_construction.hpp    : 120)   Constructing DeBruijn graph for k=33
  0:00:00.001     4M / 4M    INFO    General                 (kmer_splitters.hpp        : 130)   Splitting kmer instances into 16 buckets. This might take a while.
  0:00:00.001     4M / 4M    INFO    General                 (file_limit.hpp            :  30)   Open file limit set to 256
  0:00:00.001     4M / 4M    INFO    General                 (kmer_index_builder.hpp    : 105)   Memory available for splitting buffers: 20.833 Gb
  0:00:00.001     4M / 4M    INFO    General                 (kmer_index_builder.hpp    : 113)   Using cell size of 2097152
  0:00:02.908     2G / 2G    INFO    General                 (kmer_splitters.hpp        : 154)   Processed 612348 reads
  0:00:02.908     2G / 2G    INFO    General                 (kmer_splitters.hpp        : 160)   Adding contigs from previous K
  0:00:02.943     2G / 2G    INFO    General                 (kmer_splitters.hpp        : 171)   Used 612348 reads. Maximum read length 100
  0:00:02.943     2G / 2G    INFO    General                 (kmer_splitters.hpp        : 172)   Average read length 90.5266
  0:00:02.943     2G / 2G    INFO    General                 (kmer_index_builder.hpp    : 232)   Starting k-mer counting.
  0:00:02.983     2G / 2G    INFO    General                 (kmer_index_builder.hpp    : 238)   K-mer counting done. There are 101429 kmers in total.
  0:00:02.983     2G / 2G    INFO    General                 (kmer_index_builder.hpp    : 240)   Merging temporary buckets.
  0:00:03.011     2G / 2G    INFO   K-mer Index Building     (kmer_index_builder.hpp    : 346)   Building kmer index
  0:00:03.011     2G / 2G    INFO    General                 (kmer_splitters.hpp        : 282)   Splitting kmer instances into 64 buckets. This might take a while.
  0:00:03.011     2G / 2G    INFO    General                 (file_limit.hpp            :  30)   Open file limit set to 256
  0:00:03.011     2G / 2G    INFO    General                 (kmer_index_builder.hpp    : 105)   Memory available for splitting buffers: 20.6445 Gb
  0:00:03.011     2G / 2G    INFO    General                 (kmer_index_builder.hpp    : 113)   Using cell size of 524288
  0:00:03.144     5G / 5G    INFO    General                 (kmer_splitters.hpp        : 301)   Processed 101429 kmers
  0:00:03.144     5G / 5G    INFO    General                 (kmer_splitters.hpp        : 306)   Used 101429 kmers.
  0:00:03.144     5G / 5G    INFO    General                 (kmer_index_builder.hpp    : 232)   Starting k-mer counting.
  0:00:03.158     5G / 5G    INFO    General                 (kmer_index_builder.hpp    : 238)   K-mer counting done. There are 101406 kmers in total.
  0:00:03.158     5G / 5G    INFO    General                 (kmer_index_builder.hpp    : 240)   Merging temporary buckets.
  0:00:03.228     5G / 5G    INFO   K-mer Index Building     (kmer_index_builder.hpp    : 355)   Building perfect hash indices
  0:00:03.237     5G / 5G    INFO    General                 (kmer_index_builder.hpp    : 256)   Merging final buckets.
  0:00:03.241     5G / 5G    INFO   K-mer Index Building     (kmer_index_builder.hpp    : 401)   Index built. Total 33288 bytes occupied (2.62612 bits per kmer).
  0:00:03.241     5G / 5G    INFO   DeBruijnExtensionIndexBu (kmer_extension_index_build:  85)   Building k-mer extensions from k+1-mers
  0:00:03.300     5G / 5G    INFO   DeBruijnExtensionIndexBu (kmer_extension_index_build:  89)   Building k-mer extensions from k+1-mers finished.
  0:00:03.318    16M / 5G    INFO   Early tip clipping       (early_simplification.hpp  : 182)   Early tip clipping
  0:00:03.399    16M / 5G    INFO   Early tip clipping       (early_simplification.hpp  : 185)   804 34-mers were removed by early tip clipper
  0:00:03.399    16M / 5G    INFO    General                 (graph_construction.hpp    : 136)   Condensing graph
  0:00:03.399    16M / 5G    INFO   UnbranchingPathExtractor (debruijn_graph_constructor: 330)   Extracting unbranching paths
  0:00:03.498    16M / 5G    INFO   UnbranchingPathExtractor (debruijn_graph_constructor: 344)   Extracting unbranching paths finished. 186 sequences extracted
  0:00:03.531    16M / 5G    INFO   UnbranchingPathExtractor (debruijn_graph_constructor: 304)   Collecting perfect loops
  0:00:03.567    16M / 5G    INFO   UnbranchingPathExtractor (debruijn_graph_constructor: 319)   Collecting perfect loops finished. 0 loops collected
  0:00:03.568    16M / 5G    INFO    General                 (graph_construction.hpp    : 141)   Building index with from graph
  0:00:03.568    16M / 5G    INFO   K-mer Index Building     (kmer_index_builder.hpp    : 346)   Building kmer index
  0:00:03.568    16M / 5G    INFO    General                 (kmer_splitters.hpp        : 213)   Splitting kmer instances into 16 buckets. This might take a while.
  0:00:03.568    16M / 5G    INFO    General                 (file_limit.hpp            :  30)   Open file limit set to 256
  0:00:03.568    16M / 5G    INFO    General                 (kmer_index_builder.hpp    : 105)   Memory available for splitting buffers: 83.3281 Gb
  0:00:03.568    16M / 5G    INFO    General                 (kmer_index_builder.hpp    : 113)   Using cell size of 2097152
  0:00:03.610   592M / 5G    INFO    General                 (kmer_splitters.hpp        : 229)   Used 186 sequences.
  0:00:03.610   592M / 5G    INFO    General                 (kmer_index_builder.hpp    : 232)   Starting k-mer counting.
  0:00:03.623   592M / 5G    INFO    General                 (kmer_index_builder.hpp    : 238)   K-mer counting done. There are 100625 kmers in total.
  0:00:03.623   592M / 5G    INFO    General                 (kmer_index_builder.hpp    : 240)   Merging temporary buckets.
  0:00:03.654   592M / 5G    INFO   K-mer Index Building     (kmer_index_builder.hpp    : 355)   Building perfect hash indices
  0:00:03.675   592M / 5G    INFO    General                 (kmer_index_builder.hpp    : 256)   Merging final buckets.
  0:00:03.678   592M / 5G    INFO   K-mer Index Building     (kmer_index_builder.hpp    : 401)   Index built. Total 33040 bytes occupied (2.62678 bits per kmer).
  0:00:03.681    16M / 5G    INFO    General                 (edge_index_builders.hpp   :  27)   Collecting k-mer coverage information from graph, this takes a while.
  0:00:03.732    16M / 5G    INFO    General                 (edge_index.hpp            :  91)   Index refilled
  0:00:03.733    16M / 5G    INFO    General                 (graph_construction.hpp    : 173)   Filling coverage index
  0:00:03.734    16M / 5G    INFO    General                 (edge_index_builders.hpp   : 105)   Collecting k-mer coverage information from reads, this takes a while.
  0:00:09.094    16M / 5G    INFO    General                 (graph_construction.hpp    : 175)   Filling coverage and flanking coverage from index
  0:00:09.096    16M / 5G    INFO    General                 (construction.cpp          :  30)   Figured out: read length = 100
  0:00:09.097    16M / 5G    INFO   StageManager             (stage.cpp                 : 126)   STAGE == EC Threshold Finding
  0:00:09.105    16M / 5G    INFO    General                 (kmer_coverage_model.cpp   : 180)   Kmer coverage valley at: 3
  0:00:09.105    16M / 5G    INFO    General                 (kmer_coverage_model.cpp   : 200)   K-mer histogram maximum: 169
  0:00:09.105    16M / 5G    INFO    General                 (kmer_coverage_model.cpp   : 236)   Estimated median coverage: 169. Coverage mad: 34.0998
  0:00:09.105    16M / 5G    INFO    General                 (kmer_coverage_model.cpp   : 275)   Fitting coverage model
  0:00:09.261    16M / 5G    INFO    General                 (kmer_coverage_model.cpp   : 311)   ... iteration 2
  0:00:09.681    16M / 5G    INFO    General                 (kmer_coverage_model.cpp   : 311)   ... iteration 4
  0:00:11.287    16M / 5G    INFO    General                 (kmer_coverage_model.cpp   : 311)   ... iteration 8
  0:00:14.401    16M / 5G    INFO    General                 (kmer_coverage_model.cpp   : 311)   ... iteration 16
  0:00:18.963    16M / 5G    INFO    General                 (kmer_coverage_model.cpp   : 311)   ... iteration 32
  0:00:20.047    16M / 5G    INFO    General                 (kmer_coverage_model.cpp   : 325)   Fitted mean coverage: 166.93. Fitted coverage std. dev: 34.469
  0:00:20.055    16M / 5G    INFO    General                 (kmer_coverage_model.cpp   : 350)   Probability of erroneous kmer at valley: 0.969491
  0:00:20.055    16M / 5G    INFO    General                 (kmer_coverage_model.cpp   : 374)   Preliminary threshold calculated as: 102
  0:00:20.055    16M / 5G    INFO    General                 (kmer_coverage_model.cpp   : 378)   Threshold adjusted to: 84
  0:00:20.055    16M / 5G    INFO    General                 (kmer_coverage_model.cpp   : 391)   Estimated genome size (ignoring repeats): 97793
  0:00:20.055    16M / 5G    INFO    General                 (genomic_info_filler.cpp   : 133)   Mean coverage was calculated as 166.93
  0:00:20.056    16M / 5G    INFO    General                 (genomic_info_filler.cpp   : 147)   EC coverage threshold value was calculated as 84
  0:00:20.056    16M / 5G    INFO    General                 (genomic_info_filler.cpp   : 148)   Trusted kmer low bound: 0
  0:00:20.056    16M / 5G    INFO   StageManager             (stage.cpp                 : 126)   STAGE == Simplification
  0:00:20.057    16M / 5G    INFO    General                 (simplification.cpp        : 349)   Graph simplification started
  0:00:20.057    16M / 5G    INFO    General                 (simplification.cpp        :  98)   PROCEDURE == InitialCleaning
  0:00:20.057    16M / 5G    INFO    General                 (graph_simplification.hpp  : 577)   Removing isolated edges
  0:00:20.057    16M / 5G    INFO    General                 (graph_simplification.hpp  : 578)   All isolated edges shorter than 100 will be removed
  0:00:20.057    16M / 5G    INFO    General                 (graph_simplification.hpp  : 579)   Also isolated edges shorter than 0 and coverage smaller than 0 will be removed
  0:00:20.057    16M / 5G    INFO    General                 (graph_simplification.hpp  : 850)   Flanking coverage based disconnection disabled
  0:00:20.057    16M / 5G    INFO    General                 (simplification.cpp        : 326)   Running Self conjugate edge remover
  0:00:20.057    16M / 5G    INFO    General                 (simplification.cpp        : 326)   Running Initial isolated edge remover
  0:00:20.057    16M / 5G    INFO    General                 (simplification.cpp        : 326)   Running Initial tip clipper
  0:00:20.058    16M / 5G    INFO    General                 (simplification.cpp        : 326)   Running Initial ec remover
  0:00:20.060    16M / 5G    INFO    General                 (graph_simplification.hpp  : 763)   Creating parallel br instance
  0:00:20.060    16M / 5G    INFO    General                 (simplification.cpp        : 372)   PROCEDURE == Simplification cycle, iteration 1
  0:00:20.060    16M / 5G    INFO    General                 (simplification.cpp        : 326)   Running Tip clipper
  0:00:20.060    16M / 5G    INFO    General                 (simplification.cpp        : 326)   Running Bulge remover
  0:00:20.066    16M / 5G    INFO    General                 (simplification.cpp        : 326)   Running Low coverage edge remover
  0:00:20.066    16M / 5G    INFO    General                 (simplification.cpp        : 372)   PROCEDURE == Simplification cycle, iteration 2
  0:00:20.066    16M / 5G    INFO    General                 (simplification.cpp        : 326)   Running Tip clipper
  0:00:20.066    16M / 5G    INFO    General                 (simplification.cpp        : 326)   Running Bulge remover
  0:00:20.068    16M / 5G    INFO    General                 (simplification.cpp        : 326)   Running Low coverage edge remover
  0:00:20.068    16M / 5G    INFO    General                 (simplification.cpp        : 372)   PROCEDURE == Simplification cycle, iteration 3
  0:00:20.068    16M / 5G    INFO    General                 (simplification.cpp        : 326)   Running Tip clipper
  0:00:20.068    16M / 5G    INFO    General                 (simplification.cpp        : 326)   Running Bulge remover
  0:00:20.070    16M / 5G    INFO    General                 (simplification.cpp        : 326)   Running Low coverage edge remover
  0:00:20.070    16M / 5G    INFO    General                 (simplification.cpp        : 372)   PROCEDURE == Simplification cycle, iteration 4
  0:00:20.070    16M / 5G    INFO    General                 (simplification.cpp        : 326)   Running Tip clipper
  0:00:20.070    16M / 5G    INFO    General                 (simplification.cpp        : 326)   Running Bulge remover
  0:00:20.070    16M / 5G    INFO    General                 (simplification.cpp        : 326)   Running Low coverage edge remover
  0:00:20.070    16M / 5G    INFO    General                 (simplification.cpp        : 372)   PROCEDURE == Simplification cycle, iteration 5
  0:00:20.070    16M / 5G    INFO    General                 (simplification.cpp        : 326)   Running Tip clipper
  0:00:20.070    16M / 5G    INFO    General                 (simplification.cpp        : 326)   Running Bulge remover
  0:00:20.070    16M / 5G    INFO    General                 (simplification.cpp        : 326)   Running Low coverage edge remover
  0:00:20.070    16M / 5G    INFO    General                 (simplification.cpp        : 372)   PROCEDURE == Simplification cycle, iteration 6
  0:00:20.070    16M / 5G    INFO    General                 (simplification.cpp        : 326)   Running Tip clipper
  0:00:20.070    16M / 5G    INFO    General                 (simplification.cpp        : 326)   Running Bulge remover
  0:00:20.070    16M / 5G    INFO    General                 (simplification.cpp        : 326)   Running Low coverage edge remover
  0:00:20.070    16M / 5G    INFO    General                 (simplification.cpp        : 372)   PROCEDURE == Simplification cycle, iteration 7
  0:00:20.070    16M / 5G    INFO    General                 (simplification.cpp        : 326)   Running Tip clipper
  0:00:20.070    16M / 5G    INFO    General                 (simplification.cpp        : 326)   Running Bulge remover
  0:00:20.070    16M / 5G    INFO    General                 (simplification.cpp        : 326)   Running Low coverage edge remover
  0:00:20.070    16M / 5G    INFO    General                 (simplification.cpp        : 372)   PROCEDURE == Simplification cycle, iteration 8
  0:00:20.070    16M / 5G    INFO    General                 (simplification.cpp        : 326)   Running Tip clipper
  0:00:20.070    16M / 5G    INFO    General                 (simplification.cpp        : 326)   Running Bulge remover
  0:00:20.071    16M / 5G    INFO    General                 (simplification.cpp        : 326)   Running Low coverage edge remover
  0:00:20.071    16M / 5G    INFO    General                 (simplification.cpp        : 372)   PROCEDURE == Simplification cycle, iteration 9
  0:00:20.071    16M / 5G    INFO    General                 (simplification.cpp        : 326)   Running Tip clipper
  0:00:20.071    16M / 5G    INFO    General                 (simplification.cpp        : 326)   Running Bulge remover
  0:00:20.071    16M / 5G    INFO    General                 (simplification.cpp        : 326)   Running Low coverage edge remover
  0:00:20.071    16M / 5G    INFO    General                 (simplification.cpp        : 372)   PROCEDURE == Simplification cycle, iteration 10
  0:00:20.071    16M / 5G    INFO    General                 (simplification.cpp        : 326)   Running Tip clipper
  0:00:20.071    16M / 5G    INFO    General                 (simplification.cpp        : 326)   Running Bulge remover
  0:00:20.071    16M / 5G    INFO    General                 (simplification.cpp        : 326)   Running Low coverage edge remover
  0:00:20.071    16M / 5G    INFO    General                 (simplification.cpp        : 213)   PROCEDURE == Post simplification
  0:00:20.071    16M / 5G    INFO    General                 (graph_simplification.hpp  : 763)   Creating parallel br instance
  0:00:20.071    16M / 5G    INFO    General                 (simplification.cpp        : 268)   Iteration 0
  0:00:20.071    16M / 5G    INFO    General                 (graph_simplification.hpp  : 463)   Removal of relatively low covered connections disabled
  0:00:20.071    16M / 5G    INFO    General                 (graph_simplification.hpp  : 480)   Disconnection of relatively low covered edges disabled
  0:00:20.071    16M / 5G    INFO    General                 (graph_simplification.hpp  : 536)   Complex tip clipping disabled
  0:00:20.071    16M / 5G    INFO    General                 (simplification.cpp        : 326)   Running Tip clipper
  0:00:20.071    16M / 5G    INFO    General                 (simplification.cpp        : 326)   Running Bulge remover
  0:00:20.072    16M / 5G    INFO    General                 (simplification.cpp        : 296)   Disrupting self-conjugate edges
  0:00:20.072    16M / 5G    INFO   StageManager             (stage.cpp                 : 126)   STAGE == Simplification Cleanup
  0:00:20.072    16M / 5G    INFO    General                 (graph_simplification.hpp  : 577)   Removing isolated edges
  0:00:20.072    16M / 5G    INFO    General                 (graph_simplification.hpp  : 578)   All isolated edges shorter than 150 will be removed
  0:00:20.072    16M / 5G    INFO    General                 (graph_simplification.hpp  : 579)   Also isolated edges shorter than 0 and coverage smaller than 2 will be removed
  0:00:20.072    16M / 5G    INFO    General                 (simplification.cpp        : 522)   Counting average coverage
  0:00:20.072    16M / 5G    INFO    General                 (simplification.cpp        : 527)   Average coverage = 176.3
  0:00:20.072    16M / 5G    INFO   StageManager             (stage.cpp                 : 126)   STAGE == Contig Output
  0:00:20.072    16M / 5G    INFO    General                 (contig_output.hpp         : 309)   Outputting contigs to /Users/Gungnir/qbb2016-answers/week02/spahi2//K33/simplified_contigs.fasta
  0:00:20.080    16M / 5G    INFO    General                 (contig_output.hpp         : 309)   Outputting contigs to /Users/Gungnir/qbb2016-answers/week02/spahi2//K33/before_rr.fasta
  0:00:20.088    16M / 5G    INFO    General                 (contig_output.hpp         : 342)   Outputting graph to /Users/Gungnir/qbb2016-answers/week02/spahi2//K33/assembly_graph.fastg
  0:00:20.104    16M / 5G    INFO    General                 (contig_output.hpp         : 309)   Outputting contigs to /Users/Gungnir/qbb2016-answers/week02/spahi2//K33/final_contigs.fasta
  0:00:20.111    16M / 5G    INFO    General                 (launch.hpp                : 121)   SPAdes finished
  0:00:20.112    16M / 5G    INFO    General                 (main.cpp                  : 109)   Assembling time: 0 hours 0 minutes 20 seconds

== Running assembler: K55

  0:00:00.000     4M / 4M    INFO    General                 (main.cpp                  :  75)   Loading config from /Users/Gungnir/qbb2016-answers/week02/spahi2/K55/configs/config.info
  0:00:00.000     4M / 4M    INFO    General                 (memory_limit.hpp          :  47)   Memory limit set to 250 Gb
  0:00:00.000     4M / 4M    INFO    General                 (main.cpp                  :  88)   Starting SPAdes, built from N/A, git revision N/A
  0:00:00.000     4M / 4M    INFO    General                 (main.cpp                  :  89)   Maximum k-mer length: 128
  0:00:00.000     4M / 4M    INFO    General                 (main.cpp                  :  90)   Assembling dataset (/Users/Gungnir/qbb2016-answers/week02/spahi2/dataset.info) with K=55
  0:00:00.000     4M / 4M    INFO    General                 (launch.hpp                :  29)   SPAdes started
  0:00:00.000     4M / 4M    INFO    General                 (launch.hpp                :  36)   Starting from stage: construction
  0:00:00.000     4M / 4M    INFO    General                 (launch.hpp                :  39)   Two-step RR enabled: 0
  0:00:00.001     4M / 4M    INFO    General                 (launch.hpp                :  58)   Will need read mapping, kmer mapper will be attached
  0:00:00.001     4M / 4M    INFO   StageManager             (stage.cpp                 : 126)   STAGE == Construction
  0:00:00.002     4M / 4M    INFO    General                 (read_converter.hpp        :  61)   Binary reads detected
  0:00:00.002     4M / 4M    INFO    General                 (graph_construction.hpp    : 120)   Constructing DeBruijn graph for k=55
  0:00:00.003     4M / 4M    INFO    General                 (kmer_splitters.hpp        : 130)   Splitting kmer instances into 16 buckets. This might take a while.
  0:00:00.003     4M / 4M    INFO    General                 (file_limit.hpp            :  30)   Open file limit set to 256
  0:00:00.003     4M / 4M    INFO    General                 (kmer_index_builder.hpp    : 105)   Memory available for splitting buffers: 20.833 Gb
  0:00:00.003     4M / 4M    INFO    General                 (kmer_index_builder.hpp    : 113)   Using cell size of 2097152
  0:00:01.924     2G / 2G    INFO    General                 (kmer_splitters.hpp        : 154)   Processed 612348 reads
  0:00:01.924     2G / 2G    INFO    General                 (kmer_splitters.hpp        : 160)   Adding contigs from previous K
  0:00:01.964     2G / 2G    INFO    General                 (kmer_splitters.hpp        : 171)   Used 612348 reads. Maximum read length 100
  0:00:01.964     2G / 2G    INFO    General                 (kmer_splitters.hpp        : 172)   Average read length 90.5266
  0:00:01.964     2G / 2G    INFO    General                 (kmer_index_builder.hpp    : 232)   Starting k-mer counting.
  0:00:02.004     2G / 2G    INFO    General                 (kmer_index_builder.hpp    : 238)   K-mer counting done. There are 101819 kmers in total.
  0:00:02.004     2G / 2G    INFO    General                 (kmer_index_builder.hpp    : 240)   Merging temporary buckets.
  0:00:02.030     2G / 2G    INFO   K-mer Index Building     (kmer_index_builder.hpp    : 346)   Building kmer index
  0:00:02.030     2G / 2G    INFO    General                 (kmer_splitters.hpp        : 282)   Splitting kmer instances into 64 buckets. This might take a while.
  0:00:02.030     2G / 2G    INFO    General                 (file_limit.hpp            :  30)   Open file limit set to 256
  0:00:02.030     2G / 2G    INFO    General                 (kmer_index_builder.hpp    : 105)   Memory available for splitting buffers: 20.6445 Gb
  0:00:02.030     2G / 2G    INFO    General                 (kmer_index_builder.hpp    : 113)   Using cell size of 524288
  0:00:02.166     5G / 5G    INFO    General                 (kmer_splitters.hpp        : 301)   Processed 101819 kmers
  0:00:02.166     5G / 5G    INFO    General                 (kmer_splitters.hpp        : 306)   Used 101819 kmers.
  0:00:02.167     5G / 5G    INFO    General                 (kmer_index_builder.hpp    : 232)   Starting k-mer counting.
  0:00:02.186     5G / 5G    INFO    General                 (kmer_index_builder.hpp    : 238)   K-mer counting done. There are 101807 kmers in total.
  0:00:02.186     5G / 5G    INFO    General                 (kmer_index_builder.hpp    : 240)   Merging temporary buckets.
  0:00:02.252     5G / 5G    INFO   K-mer Index Building     (kmer_index_builder.hpp    : 355)   Building perfect hash indices
  0:00:02.264     5G / 5G    INFO    General                 (kmer_index_builder.hpp    : 256)   Merging final buckets.
  0:00:02.268     5G / 5G    INFO   K-mer Index Building     (kmer_index_builder.hpp    : 401)   Index built. Total 33408 bytes occupied (2.6252 bits per kmer).
  0:00:02.268     5G / 5G    INFO   DeBruijnExtensionIndexBu (kmer_extension_index_build:  85)   Building k-mer extensions from k+1-mers
  0:00:02.339     5G / 5G    INFO   DeBruijnExtensionIndexBu (kmer_extension_index_build:  89)   Building k-mer extensions from k+1-mers finished.
  0:00:02.350    16M / 5G    INFO    General                 (graph_construction.hpp    : 136)   Condensing graph
  0:00:02.350    16M / 5G    INFO   UnbranchingPathExtractor (debruijn_graph_constructor: 330)   Extracting unbranching paths
  0:00:02.449    16M / 5G    INFO   UnbranchingPathExtractor (debruijn_graph_constructor: 344)   Extracting unbranching paths finished. 834 sequences extracted
  0:00:02.485    16M / 5G    INFO   UnbranchingPathExtractor (debruijn_graph_constructor: 304)   Collecting perfect loops
  0:00:02.526    16M / 5G    INFO   UnbranchingPathExtractor (debruijn_graph_constructor: 319)   Collecting perfect loops finished. 0 loops collected
  0:00:02.528    16M / 5G    INFO    General                 (graph_construction.hpp    : 141)   Building index with from graph
  0:00:02.528    16M / 5G    INFO   K-mer Index Building     (kmer_index_builder.hpp    : 346)   Building kmer index
  0:00:02.528    16M / 5G    INFO    General                 (kmer_splitters.hpp        : 213)   Splitting kmer instances into 16 buckets. This might take a while.
  0:00:02.528    16M / 5G    INFO    General                 (file_limit.hpp            :  30)   Open file limit set to 256
  0:00:02.528    16M / 5G    INFO    General                 (kmer_index_builder.hpp    : 105)   Memory available for splitting buffers: 83.3281 Gb
  0:00:02.528    16M / 5G    INFO    General                 (kmer_index_builder.hpp    : 113)   Using cell size of 2097152
  0:00:02.566   592M / 5G    INFO    General                 (kmer_splitters.hpp        : 229)   Used 834 sequences.
  0:00:02.566   592M / 5G    INFO    General                 (kmer_index_builder.hpp    : 232)   Starting k-mer counting.
  0:00:02.582   592M / 5G    INFO    General                 (kmer_index_builder.hpp    : 238)   K-mer counting done. There are 101819 kmers in total.
  0:00:02.582   592M / 5G    INFO    General                 (kmer_index_builder.hpp    : 240)   Merging temporary buckets.
  0:00:02.630   592M / 5G    INFO   K-mer Index Building     (kmer_index_builder.hpp    : 355)   Building perfect hash indices
  0:00:02.651   592M / 5G    INFO    General                 (kmer_index_builder.hpp    : 256)   Merging final buckets.
  0:00:02.654   592M / 5G    INFO   K-mer Index Building     (kmer_index_builder.hpp    : 401)   Index built. Total 33432 bytes occupied (2.62678 bits per kmer).
  0:00:02.657    16M / 5G    INFO    General                 (edge_index_builders.hpp   :  27)   Collecting k-mer coverage information from graph, this takes a while.
  0:00:02.715    16M / 5G    INFO    General                 (edge_index.hpp            :  91)   Index refilled
  0:00:02.716    16M / 5G    INFO    General                 (graph_construction.hpp    : 173)   Filling coverage index
  0:00:02.716    16M / 5G    INFO    General                 (edge_index_builders.hpp   : 105)   Collecting k-mer coverage information from reads, this takes a while.
  0:00:07.221    16M / 5G    INFO    General                 (graph_construction.hpp    : 175)   Filling coverage and flanking coverage from index
  0:00:07.224    16M / 5G    INFO    General                 (construction.cpp          :  30)   Figured out: read length = 100
  0:00:07.225    16M / 5G    INFO   StageManager             (stage.cpp                 : 126)   STAGE == EC Threshold Finding
  0:00:07.232    16M / 5G    INFO    General                 (kmer_coverage_model.cpp   : 180)   Kmer coverage valley at: 3
  0:00:07.232    16M / 5G    INFO    General                 (kmer_coverage_model.cpp   : 200)   K-mer histogram maximum: 113
  0:00:07.232    16M / 5G    INFO    General                 (kmer_coverage_model.cpp   : 236)   Estimated median coverage: 113. Coverage mad: 29.652
  0:00:07.232    16M / 5G    INFO    General                 (kmer_coverage_model.cpp   : 275)   Fitting coverage model
  0:00:07.338    16M / 5G    INFO    General                 (kmer_coverage_model.cpp   : 311)   ... iteration 2
  0:00:07.582    16M / 5G    INFO    General                 (kmer_coverage_model.cpp   : 311)   ... iteration 4
  0:00:08.673    16M / 5G    INFO    General                 (kmer_coverage_model.cpp   : 311)   ... iteration 8
  0:00:10.927    16M / 5G    INFO    General                 (kmer_coverage_model.cpp   : 311)   ... iteration 16
  0:00:15.514    16M / 5G    INFO    General                 (kmer_coverage_model.cpp   : 311)   ... iteration 32
  0:00:22.440    16M / 5G    INFO    General                 (kmer_coverage_model.cpp   : 325)   Fitted mean coverage: 104.385. Fitted coverage std. dev: 28.7717
  0:00:22.443    16M / 5G    INFO    General                 (kmer_coverage_model.cpp   : 350)   Probability of erroneous kmer at valley: 0.900249
  0:00:22.443    16M / 5G    INFO    General                 (kmer_coverage_model.cpp   : 374)   Preliminary threshold calculated as: 38
  0:00:22.443    16M / 5G    INFO    General                 (kmer_coverage_model.cpp   : 378)   Threshold adjusted to: 38
  0:00:22.443    16M / 5G    INFO    General                 (kmer_coverage_model.cpp   : 391)   Estimated genome size (ignoring repeats): 98453
  0:00:22.443    16M / 5G    INFO    General                 (genomic_info_filler.cpp   : 133)   Mean coverage was calculated as 104.385
  0:00:22.444    16M / 5G    INFO    General                 (genomic_info_filler.cpp   : 147)   EC coverage threshold value was calculated as 38
  0:00:22.444    16M / 5G    INFO    General                 (genomic_info_filler.cpp   : 148)   Trusted kmer low bound: 0
  0:00:22.444    16M / 5G    INFO   StageManager             (stage.cpp                 : 126)   STAGE == Gap Closer
  0:00:22.444    16M / 5G    INFO    General                 (gap_closer.cpp            : 162)   Preparing shift maps
  0:00:22.445    16M / 5G    INFO    General                 (gap_closer.cpp            : 122)   Processing paired reads (takes a while)
  0:00:23.115    16M / 5G    INFO    General                 (gap_closer.cpp            : 141)   Used 153087 paired reads
  0:00:23.115    16M / 5G    INFO    General                 (gap_closer.cpp            : 143)   Merging paired indices
  0:00:23.116    16M / 5G    INFO   GapCloser                (gap_closer.cpp            : 402)   Closing short gaps
  0:00:23.117    16M / 5G    INFO   GapCloser                (gap_closer.cpp            : 436)   Closing short gaps complete: filled 0 gaps after checking 0 candidates
  0:00:23.117    16M / 5G    INFO   StageManager             (stage.cpp                 : 126)   STAGE == Simplification
  0:00:23.118    16M / 5G    INFO    General                 (simplification.cpp        : 349)   Graph simplification started
  0:00:23.118    16M / 5G    INFO    General                 (simplification.cpp        :  98)   PROCEDURE == InitialCleaning
  0:00:23.118    16M / 5G    INFO    General                 (graph_simplification.hpp  : 577)   Removing isolated edges
  0:00:23.118    16M / 5G    INFO    General                 (graph_simplification.hpp  : 578)   All isolated edges shorter than 100 will be removed
  0:00:23.118    16M / 5G    INFO    General                 (graph_simplification.hpp  : 579)   Also isolated edges shorter than 0 and coverage smaller than 0 will be removed
  0:00:23.119    16M / 5G    INFO    General                 (graph_simplification.hpp  : 850)   Flanking coverage based disconnection disabled
  0:00:23.119    16M / 5G    INFO    General                 (simplification.cpp        : 326)   Running Self conjugate edge remover
  0:00:23.119    16M / 5G    INFO    General                 (simplification.cpp        : 326)   Running Initial isolated edge remover
  0:00:23.119    16M / 5G    INFO    General                 (simplification.cpp        : 326)   Running Initial tip clipper
  0:00:23.132    16M / 5G    INFO    General                 (simplification.cpp        : 326)   Running Initial ec remover
  0:00:23.132    16M / 5G    INFO    General                 (graph_simplification.hpp  : 763)   Creating parallel br instance
  0:00:23.132    16M / 5G    INFO    General                 (simplification.cpp        : 372)   PROCEDURE == Simplification cycle, iteration 1
  0:00:23.132    16M / 5G    INFO    General                 (simplification.cpp        : 326)   Running Tip clipper
  0:00:23.133    16M / 5G    INFO    General                 (simplification.cpp        : 326)   Running Bulge remover
  0:00:23.140    16M / 5G    INFO    General                 (simplification.cpp        : 326)   Running Low coverage edge remover
  0:00:23.141    16M / 5G    INFO    General                 (simplification.cpp        : 372)   PROCEDURE == Simplification cycle, iteration 2
  0:00:23.141    16M / 5G    INFO    General                 (simplification.cpp        : 326)   Running Tip clipper
  0:00:23.141    16M / 5G    INFO    General                 (simplification.cpp        : 326)   Running Bulge remover
  0:00:23.141    16M / 5G    INFO    General                 (simplification.cpp        : 326)   Running Low coverage edge remover
  0:00:23.141    16M / 5G    INFO    General                 (simplification.cpp        : 372)   PROCEDURE == Simplification cycle, iteration 3
  0:00:23.141    16M / 5G    INFO    General                 (simplification.cpp        : 326)   Running Tip clipper
  0:00:23.141    16M / 5G    INFO    General                 (simplification.cpp        : 326)   Running Bulge remover
  0:00:23.145    16M / 5G    INFO    General                 (simplification.cpp        : 326)   Running Low coverage edge remover
  0:00:23.145    16M / 5G    INFO    General                 (simplification.cpp        : 372)   PROCEDURE == Simplification cycle, iteration 4
  0:00:23.145    16M / 5G    INFO    General                 (simplification.cpp        : 326)   Running Tip clipper
  0:00:23.145    16M / 5G    INFO    General                 (simplification.cpp        : 326)   Running Bulge remover
  0:00:23.145    16M / 5G    INFO    General                 (simplification.cpp        : 326)   Running Low coverage edge remover
  0:00:23.145    16M / 5G    INFO    General                 (simplification.cpp        : 372)   PROCEDURE == Simplification cycle, iteration 5
  0:00:23.145    16M / 5G    INFO    General                 (simplification.cpp        : 326)   Running Tip clipper
  0:00:23.145    16M / 5G    INFO    General                 (simplification.cpp        : 326)   Running Bulge remover
  0:00:23.145    16M / 5G    INFO    General                 (simplification.cpp        : 326)   Running Low coverage edge remover
  0:00:23.145    16M / 5G    INFO    General                 (simplification.cpp        : 372)   PROCEDURE == Simplification cycle, iteration 6
  0:00:23.145    16M / 5G    INFO    General                 (simplification.cpp        : 326)   Running Tip clipper
  0:00:23.145    16M / 5G    INFO    General                 (simplification.cpp        : 326)   Running Bulge remover
  0:00:23.145    16M / 5G    INFO    General                 (simplification.cpp        : 326)   Running Low coverage edge remover
  0:00:23.145    16M / 5G    INFO    General                 (simplification.cpp        : 372)   PROCEDURE == Simplification cycle, iteration 7
  0:00:23.145    16M / 5G    INFO    General                 (simplification.cpp        : 326)   Running Tip clipper
  0:00:23.145    16M / 5G    INFO    General                 (simplification.cpp        : 326)   Running Bulge remover
  0:00:23.145    16M / 5G    INFO    General                 (simplification.cpp        : 326)   Running Low coverage edge remover
  0:00:23.145    16M / 5G    INFO    General                 (simplification.cpp        : 372)   PROCEDURE == Simplification cycle, iteration 8
  0:00:23.145    16M / 5G    INFO    General                 (simplification.cpp        : 326)   Running Tip clipper
  0:00:23.145    16M / 5G    INFO    General                 (simplification.cpp        : 326)   Running Bulge remover
  0:00:23.145    16M / 5G    INFO    General                 (simplification.cpp        : 326)   Running Low coverage edge remover
  0:00:23.145    16M / 5G    INFO    General                 (simplification.cpp        : 372)   PROCEDURE == Simplification cycle, iteration 9
  0:00:23.145    16M / 5G    INFO    General                 (simplification.cpp        : 326)   Running Tip clipper
  0:00:23.145    16M / 5G    INFO    General                 (simplification.cpp        : 326)   Running Bulge remover
  0:00:23.145    16M / 5G    INFO    General                 (simplification.cpp        : 326)   Running Low coverage edge remover
  0:00:23.145    16M / 5G    INFO    General                 (simplification.cpp        : 372)   PROCEDURE == Simplification cycle, iteration 10
  0:00:23.145    16M / 5G    INFO    General                 (simplification.cpp        : 326)   Running Tip clipper
  0:00:23.145    16M / 5G    INFO    General                 (simplification.cpp        : 326)   Running Bulge remover
  0:00:23.146    16M / 5G    INFO    General                 (simplification.cpp        : 326)   Running Low coverage edge remover
  0:00:23.146    16M / 5G    INFO    General                 (simplification.cpp        : 213)   PROCEDURE == Post simplification
  0:00:23.146    16M / 5G    INFO    General                 (graph_simplification.hpp  : 763)   Creating parallel br instance
  0:00:23.146    16M / 5G    INFO    General                 (simplification.cpp        : 268)   Iteration 0
  0:00:23.146    16M / 5G    INFO    General                 (graph_simplification.hpp  : 463)   Removal of relatively low covered connections disabled
  0:00:23.146    16M / 5G    INFO    General                 (graph_simplification.hpp  : 480)   Disconnection of relatively low covered edges disabled
  0:00:23.146    16M / 5G    INFO    General                 (graph_simplification.hpp  : 536)   Complex tip clipping disabled
  0:00:23.146    16M / 5G    INFO    General                 (simplification.cpp        : 326)   Running Tip clipper
  0:00:23.146    16M / 5G    INFO    General                 (simplification.cpp        : 326)   Running Bulge remover
  0:00:23.146    16M / 5G    INFO    General                 (simplification.cpp        : 296)   Disrupting self-conjugate edges
  0:00:23.146    16M / 5G    INFO   StageManager             (stage.cpp                 : 126)   STAGE == Gap Closer
  0:00:23.146    16M / 5G    INFO    General                 (graph_pack.hpp            :  91)   Index refill
  0:00:23.146    16M / 5G    INFO   K-mer Index Building     (kmer_index_builder.hpp    : 346)   Building kmer index
  0:00:23.146    16M / 5G    INFO    General                 (kmer_splitters.hpp        : 213)   Splitting kmer instances into 16 buckets. This might take a while.
  0:00:23.147    16M / 5G    INFO    General                 (file_limit.hpp            :  30)   Open file limit set to 256
  0:00:23.147    16M / 5G    INFO    General                 (kmer_index_builder.hpp    : 105)   Memory available for splitting buffers: 83.3281 Gb
  0:00:23.147    16M / 5G    INFO    General                 (kmer_index_builder.hpp    : 113)   Using cell size of 2097152
  0:00:23.194   592M / 5G    INFO    General                 (kmer_splitters.hpp        : 229)   Used 8 sequences.
  0:00:23.194   592M / 5G    INFO    General                 (kmer_index_builder.hpp    : 232)   Starting k-mer counting.
  0:00:23.215   592M / 5G    INFO    General                 (kmer_index_builder.hpp    : 238)   K-mer counting done. There are 99916 kmers in total.
  0:00:23.215   592M / 5G    INFO    General                 (kmer_index_builder.hpp    : 240)   Merging temporary buckets.
  0:00:23.243   592M / 5G    INFO   K-mer Index Building     (kmer_index_builder.hpp    : 355)   Building perfect hash indices
  0:00:23.272   592M / 5G    INFO    General                 (kmer_index_builder.hpp    : 256)   Merging final buckets.
  0:00:23.276   592M / 5G    INFO   K-mer Index Building     (kmer_index_builder.hpp    : 401)   Index built. Total 32776 bytes occupied (2.62428 bits per kmer).
  0:00:23.278    16M / 5G    INFO    General                 (edge_index_builders.hpp   :  27)   Collecting k-mer coverage information from graph, this takes a while.
  0:00:23.420    16M / 5G    INFO    General                 (edge_index.hpp            :  91)   Index refilled
  0:00:23.420    16M / 5G    INFO    General                 (gap_closer.cpp            : 162)   Preparing shift maps
  0:00:23.420    16M / 5G    INFO    General                 (gap_closer.cpp            : 122)   Processing paired reads (takes a while)
  0:00:24.181    16M / 5G    INFO    General                 (gap_closer.cpp            : 141)   Used 153087 paired reads
  0:00:24.181    16M / 5G    INFO    General                 (gap_closer.cpp            : 143)   Merging paired indices
  0:00:24.181    16M / 5G    INFO   GapCloser                (gap_closer.cpp            : 402)   Closing short gaps
  0:00:24.182    16M / 5G    INFO   GapCloser                (gap_closer.cpp            : 436)   Closing short gaps complete: filled 0 gaps after checking 4 candidates
  0:00:24.182    16M / 5G    INFO   StageManager             (stage.cpp                 : 126)   STAGE == Simplification Cleanup
  0:00:24.182    16M / 5G    INFO    General                 (graph_simplification.hpp  : 577)   Removing isolated edges
  0:00:24.182    16M / 5G    INFO    General                 (graph_simplification.hpp  : 578)   All isolated edges shorter than 150 will be removed
  0:00:24.182    16M / 5G    INFO    General                 (graph_simplification.hpp  : 579)   Also isolated edges shorter than 0 and coverage smaller than 2 will be removed
  0:00:24.182    16M / 5G    INFO    General                 (simplification.cpp        : 522)   Counting average coverage
  0:00:24.182    16M / 5G    INFO    General                 (simplification.cpp        : 527)   Average coverage = 110.501
  0:00:24.182    16M / 5G    INFO   StageManager             (stage.cpp                 : 126)   STAGE == Mismatch Correction
  0:00:24.182    16M / 5G    INFO    General                 (graph_pack.hpp            : 100)   Normalizing k-mer map. Total 1474 kmers to process
  0:00:24.183    16M / 5G    INFO    General                 (graph_pack.hpp            : 102)   Normalizing done
  0:00:26.297    16M / 5G    INFO    General                 (mismatch_shall_not_pass.hp: 188)   Finished collecting potential mismatches positions
  0:00:26.300    16M / 5G    INFO    General                 (mismatch_shall_not_pass.hp: 291)   All edges processed
  0:00:26.300    16M / 5G    INFO    General                 (mismatch_correction.cpp   :  26)   Corrected 0 nucleotides
  0:00:26.300    16M / 5G    INFO   StageManager             (stage.cpp                 : 126)   STAGE == Paired Information Counting
  0:00:26.301    16M / 5G    INFO    General                 (graph_pack.hpp            : 100)   Normalizing k-mer map. Total 1474 kmers to process
  0:00:26.301    16M / 5G    INFO    General                 (graph_pack.hpp            : 102)   Normalizing done
  0:00:26.301    16M / 5G    INFO    General                 (pair_info_count.cpp       : 173)   Min edge length for estimation: 66606
  0:00:26.301    16M / 5G    INFO    General                 (pair_info_count.cpp       : 187)   Estimating insert size for library #0
  0:00:26.301    16M / 5G    INFO    General                 (pair_info_count.cpp       :  23)   Estimating insert size (takes a while)
  0:00:26.301    16M / 5G    INFO    General                 (short_read_mapper.hpp     :  93)   Selecting usual mapper
  0:00:27.122    16M / 5G    INFO    General                 (sequence_mapper_notifier.h:  94)   Total 153087 reads processed
  0:00:27.130    16M / 5G    INFO    General                 (pair_info_count.cpp       :  36)   16451 paired reads (10.7462% of all) aligned to long edges
  0:00:27.172    16M / 5G    INFO    General                 (pair_info_count.cpp       : 209)     Insert size = 21638.7, deviation = 15465, left quantile = 3287, right quantile = 44290, read length = 100
  0:00:27.172    16M / 5G    INFO    General                 (pair_info_count.cpp       : 231)   Mapping library #0
  0:00:27.172    16M / 5G    INFO    General                 (pair_info_count.cpp       : 243)   Mapping paired reads (takes a while)
  0:00:27.172    16M / 5G    INFO    General                 (pair_info_count.cpp       :  87)   Left insert size qauntile 3287, right insert size quantile 44290
  0:00:27.177    20M / 5G    INFO    General                 (short_read_mapper.hpp     :  93)   Selecting usual mapper
  0:00:28.516    52M / 5G    INFO    General                 (sequence_mapper_notifier.h:  94)   Total 153087 reads processed
  0:02:20.587    60M / 5G    INFO    General                 (split_graph_pair_info.hpp : 356)   Threshold for paired information 2.53873
  0:02:21.519    20M / 5G    INFO   StageManager             (stage.cpp                 : 126)   STAGE == Distance Estimation
  0:02:21.521    20M / 5G    INFO    General                 (distance_estimation.cpp   : 226)   Processing library #0
  0:02:21.521    20M / 5G    INFO    General                 (distance_estimation.cpp   : 132)   Weight Filter Done
  0:02:21.522    20M / 5G    INFO   DistanceEstimator        (distance_estimation.hpp   : 185)   Using SIMPLE distance estimator
  0:02:21.525    20M / 5G    INFO    General                 (distance_estimation.cpp   :  35)   Filtering info
  0:02:21.525    20M / 5G    INFO    General                 (pair_info_filters.hpp     : 242)   Start filtering; index size: 58
  0:02:21.525    20M / 5G    INFO    General                 (pair_info_filters.hpp     : 263)   Done filtering
  0:02:21.525    20M / 5G    INFO    General                 (distance_estimation.cpp   : 174)   Refining clustered pair information
  0:02:21.525    20M / 5G    INFO    General                 (distance_estimation.cpp   : 176)   The refining of clustered pair information has been finished
  0:02:21.525    20M / 5G    INFO    General                 (distance_estimation.cpp   : 178)   Improving paired information
  0:02:21.526    20M / 5G    INFO   PairInfoImprover         (pair_info_improver.hpp    : 103)   Paired info stats: missing = 16; contradictional = 18
  0:02:21.527    20M / 5G    INFO   PairInfoImprover         (pair_info_improver.hpp    : 103)   Paired info stats: missing = 16; contradictional = 32
  0:02:21.527    20M / 5G    INFO    General                 (distance_estimation.cpp   : 185)   Filling scaffolding index
  0:02:21.530    24M / 5G    INFO   DistanceEstimator        (distance_estimation.hpp   : 185)   Using SMOOTHING distance estimator
  0:02:34.552    24M / 5G    INFO    General                 (distance_estimation.cpp   :  35)   Filtering info
  0:02:34.552    24M / 5G    INFO    General                 (pair_info_filters.hpp     : 242)   Start filtering; index size: 40
  0:02:34.552    24M / 5G    INFO    General                 (pair_info_filters.hpp     : 263)   Done filtering
  0:02:34.552    20M / 5G    INFO    General                 (distance_estimation.cpp   : 230)   Clearing raw paired index
  0:02:34.553    20M / 5G    INFO   StageManager             (stage.cpp                 : 126)   STAGE == Repeat Resolving
  0:02:34.553    20M / 5G    INFO    General                 (contig_output.hpp         : 309)   Outputting contigs to /Users/Gungnir/qbb2016-answers/week02/spahi2//K55/before_rr.fasta
  0:02:34.560    20M / 5G    INFO    General                 (contig_output.hpp         : 342)   Outputting graph to /Users/Gungnir/qbb2016-answers/week02/spahi2//K55/assembly_graph.fastg
  0:02:34.578    20M / 5G    INFO    General                 (repeat_resolving.cpp      :  78)   Using Path-Extend repeat resolving
  0:02:34.580    20M / 5G    INFO    General                 (path_extend_launch.hpp    :1056)   ExSPAnder repeat resolving tool started
  0:02:34.580    20M / 5G    INFO    General                 (path_extend_launch.hpp    :1094)   SUBSTAGE = paired-end libraries
  0:02:34.584    20M / 5G    INFO    General                 (path_extend_launch.hpp    : 465)   Threshold for lib #0: 2.53873
  0:02:34.587    20M / 5G    INFO    General                 (path_extend_launch.hpp    : 465)   Threshold for lib #0: 2.53873
  0:02:34.591    20M / 5G    INFO    General                 (path_extend_launch.hpp    : 874)   Using 1 paired-end library
  0:02:34.591    20M / 5G    INFO    General                 (path_extend_launch.hpp    : 875)   Using 1 paired-end scaffolding library
  0:02:34.591    20M / 5G    INFO    General                 (path_extend_launch.hpp    : 876)   Using 0 mate-pair libraries
  0:02:34.591    20M / 5G    INFO    General                 (path_extend_launch.hpp    : 877)   Using 0 single read libraries
  0:02:34.591    20M / 5G    INFO    General                 (path_extend_launch.hpp    : 878)   Scaffolder is on
  0:02:34.592    20M / 5G    INFO    General                 (path_extend_launch.hpp    :1115)   Growing paths using paired-end and long single reads
  0:02:34.592    20M / 5G    INFO    General                 (path_extend_launch.hpp    :1116)   Multi path extend is off
  0:02:34.592    20M / 5G    INFO    General                 (path_extend_launch.hpp    :1117)   Overlap removal is on
  0:02:34.613    20M / 5G    INFO    General                 (path_extend_launch.hpp    : 465)   Threshold for lib #0: 2.53873
  0:02:34.618    20M / 5G    INFO    General                 (path_extend_launch.hpp    : 465)   Threshold for lib #0: 2.53873
  0:02:34.622    20M / 5G    INFO    General                 (path_extend_launch.hpp    : 874)   Using 1 paired-end library
  0:02:34.622    20M / 5G    INFO    General                 (path_extend_launch.hpp    : 875)   Using 1 paired-end scaffolding library
  0:02:34.622    20M / 5G    INFO    General                 (path_extend_launch.hpp    : 876)   Using 0 mate-pair libraries
  0:02:34.622    20M / 5G    INFO    General                 (path_extend_launch.hpp    : 877)   Using 0 single read libraries
  0:02:34.622    20M / 5G    INFO    General                 (path_extend_launch.hpp    : 878)   Scaffolder is on
  0:02:34.631    20M / 5G    INFO   PathExtendIO             (pe_io.hpp                 : 214)   Writing contigs to /Users/Gungnir/qbb2016-answers/week02/spahi2//K55/final_contigs
  0:02:34.638    20M / 5G    INFO    General                 (path_extend_launch.hpp    : 263)   Traversing tandem repeats
  0:02:34.639    20M / 5G    INFO   PathExtendIO             (pe_io.hpp                 : 214)   Writing contigs to /Users/Gungnir/qbb2016-answers/week02/spahi2//K55/scaffolds
  0:02:34.670    16M / 5G    INFO    General                 (launch.hpp                : 121)   SPAdes finished
  0:02:34.672    16M / 5G    INFO    General                 (main.cpp                  : 109)   Assembling time: 0 hours 2 minutes 34 seconds

===== Assembling finished. Used k-mer sizes: 21, 33, 55 

 * Assembled contigs are in /Users/Gungnir/qbb2016-answers/week02/spahi2/contigs.fasta
 * Assembled scaffolds are in /Users/Gungnir/qbb2016-answers/week02/spahi2/scaffolds.fasta
 * Assembly graph is in /Users/Gungnir/qbb2016-answers/week02/spahi2/assembly_graph.fastg
 * Paths in the assembly graph corresponding to the contigs are in /Users/Gungnir/qbb2016-answers/week02/spahi2/contigs.paths
 * Paths in the assembly graph corresponding to the scaffolds are in /Users/Gungnir/qbb2016-answers/week02/spahi2/scaffolds.paths

======= SPAdes pipeline finished.

SPAdes log can be found here: /Users/Gungnir/qbb2016-answers/week02/spahi2/spades.log

Thank you for using SPAdes!
