Command line: /usr/local/bin/spades.py	--pe1-12	/Users/Gungnir/qbb2016-answers/week02/reads_1.fastq	--only-assembler	-o	/Users/Gungnir/qbb2016-answers/week02/spahi1	

System information:
  SPAdes version: 3.9.0
  Python version: 3.5.1
  OS: Darwin-15.6.0-x86_64-i386-64bit

Output dir: /Users/Gungnir/qbb2016-answers/week02/spahi1
Mode: ONLY assembling (without read error correction)
Debug mode is turned OFF

Dataset parameters:
  Multi-cell mode (you should set '--sc' flag if input data was obtained with MDA (single-cell) technology or --meta flag if processing metagenomic dataset)
  Reads:
    Library number: 1, library type: paired-end
      orientation: fr
      left reads: not specified
      right reads: not specified
      interlaced reads: ['/Users/Gungnir/qbb2016-answers/week02/reads_1.fastq']
      single reads: not specified
Assembly parameters:
  k: automatic selection based on read length
  Repeat resolution is enabled
  Mismatch careful mode is turned OFF
  MismatchCorrector will be SKIPPED
  Coverage cutoff is turned OFF
Other parameters:
  Dir for temp files: /Users/Gungnir/qbb2016-answers/week02/spahi1/tmp
  Threads: 16
  Memory limit (in Gb): 250


======= SPAdes pipeline started. Log can be found here: /Users/Gungnir/qbb2016-answers/week02/spahi1/spades.log

== Splitting /Users/Gungnir/qbb2016-answers/week02/reads_1.fastq into left and right reads (in /Users/Gungnir/qbb2016-answers/week02/spahi1/split_input directory)

===== Assembling started.


== Running assembler: K21

  0:00:00.000     4M / 4M    INFO    General                 (main.cpp                  :  75)   Loading config from /Users/Gungnir/qbb2016-answers/week02/spahi1/K21/configs/config.info
  0:00:00.000     4M / 4M    INFO    General                 (memory_limit.hpp          :  47)   Memory limit set to 250 Gb
  0:00:00.000     4M / 4M    INFO    General                 (main.cpp                  :  88)   Starting SPAdes, built from N/A, git revision N/A
  0:00:00.000     4M / 4M    INFO    General                 (main.cpp                  :  89)   Maximum k-mer length: 128
  0:00:00.000     4M / 4M    INFO    General                 (main.cpp                  :  90)   Assembling dataset (/Users/Gungnir/qbb2016-answers/week02/spahi1/dataset.info) with K=21
  0:00:00.000     4M / 4M    INFO    General                 (launch.hpp                :  29)   SPAdes started
  0:00:00.000     4M / 4M    INFO    General                 (launch.hpp                :  36)   Starting from stage: construction
  0:00:00.000     4M / 4M    INFO    General                 (launch.hpp                :  39)   Two-step RR enabled: 0
  0:00:00.000     4M / 4M    INFO   StageManager             (stage.cpp                 : 126)   STAGE == Construction
  0:00:00.001     4M / 4M    INFO    General                 (read_converter.hpp        :  78)   Converting reads to binary format for library #0 (takes a while)
  0:00:00.001     4M / 4M    INFO    General                 (read_converter.hpp        :  79)   Converting paired reads
  0:00:00.337    76M / 84M   INFO    General                 (binary_converter.hpp      : 139)   16384 reads processed
  0:00:00.561    80M / 84M   INFO    General                 (binary_converter.hpp      : 139)   32768 reads processed
  0:00:00.986    96M / 96M   INFO    General                 (binary_converter.hpp      : 139)   65536 reads processed
  0:00:01.821   128M / 128M  INFO    General                 (binary_converter.hpp      : 139)   131072 reads processed
  0:00:02.499   136M / 136M  INFO    General                 (binary_converter.hpp      : 159)   153087 reads written
  0:00:02.688     4M / 136M  INFO    General                 (read_converter.hpp        :  88)   Converting single reads
  0:00:02.895   132M / 164M  INFO    General                 (binary_converter.hpp      : 159)   0 reads written
  0:00:02.945     4M / 164M  INFO    General                 (graph_construction.hpp    : 120)   Constructing DeBruijn graph for k=21
  0:00:02.946     4M / 164M  INFO    General                 (kmer_splitters.hpp        : 130)   Splitting kmer instances into 16 buckets. This might take a while.
  0:00:02.946     4M / 164M  INFO    General                 (file_limit.hpp            :  30)   Open file limit set to 256
  0:00:02.946     4M / 164M  INFO    General                 (kmer_index_builder.hpp    : 105)   Memory available for splitting buffers: 20.833 Gb
  0:00:02.946     4M / 164M  INFO    General                 (kmer_index_builder.hpp    : 113)   Using cell size of 4194304
  0:00:06.338     2G / 2G    INFO    General                 (kmer_splitters.hpp        : 154)   Processed 612348 reads
  0:00:06.338     2G / 2G    INFO    General                 (kmer_splitters.hpp        : 160)   Adding contigs from previous K
  0:00:06.338     2G / 2G    INFO    General                 (kmer_splitters.hpp        : 171)   Used 612348 reads. Maximum read length 100
  0:00:06.338     2G / 2G    INFO    General                 (kmer_splitters.hpp        : 172)   Average read length 91.9341
  0:00:06.338     2G / 2G    INFO    General                 (kmer_index_builder.hpp    : 232)   Starting k-mer counting.
  0:00:06.352     2G / 2G    INFO    General                 (kmer_index_builder.hpp    : 238)   K-mer counting done. There are 101007 kmers in total.
  0:00:06.352     2G / 2G    INFO    General                 (kmer_index_builder.hpp    : 240)   Merging temporary buckets.
  0:00:06.373     2G / 2G    INFO   K-mer Index Building     (kmer_index_builder.hpp    : 346)   Building kmer index
  0:00:06.373     2G / 2G    INFO    General                 (kmer_splitters.hpp        : 282)   Splitting kmer instances into 64 buckets. This might take a while.
  0:00:06.373     2G / 2G    INFO    General                 (file_limit.hpp            :  30)   Open file limit set to 256
  0:00:06.373     2G / 2G    INFO    General                 (kmer_index_builder.hpp    : 105)   Memory available for splitting buffers: 20.6445 Gb
  0:00:06.373     2G / 2G    INFO    General                 (kmer_index_builder.hpp    : 113)   Using cell size of 1048576
  0:00:06.479     5G / 5G    INFO    General                 (kmer_splitters.hpp        : 301)   Processed 101007 kmers
  0:00:06.479     5G / 5G    INFO    General                 (kmer_splitters.hpp        : 306)   Used 101007 kmers.
  0:00:06.480     5G / 5G    INFO    General                 (kmer_index_builder.hpp    : 232)   Starting k-mer counting.
  0:00:06.498     5G / 5G    INFO    General                 (kmer_index_builder.hpp    : 238)   K-mer counting done. There are 100981 kmers in total.
  0:00:06.498     5G / 5G    INFO    General                 (kmer_index_builder.hpp    : 240)   Merging temporary buckets.
  0:00:06.551     5G / 5G    INFO   K-mer Index Building     (kmer_index_builder.hpp    : 355)   Building perfect hash indices
  0:00:06.566     5G / 5G    INFO    General                 (kmer_index_builder.hpp    : 256)   Merging final buckets.
  0:00:06.571     5G / 5G    INFO   K-mer Index Building     (kmer_index_builder.hpp    : 401)   Index built. Total 33136 bytes occupied (2.62513 bits per kmer).
  0:00:06.571     5G / 5G    INFO   DeBruijnExtensionIndexBu (kmer_extension_index_build:  85)   Building k-mer extensions from k+1-mers
  0:00:06.622     5G / 5G    INFO   DeBruijnExtensionIndexBu (kmer_extension_index_build:  89)   Building k-mer extensions from k+1-mers finished.
  0:00:06.641    16M / 5G    INFO   Early tip clipping       (early_simplification.hpp  : 182)   Early tip clipping
  0:00:06.724    16M / 5G    INFO   Early tip clipping       (early_simplification.hpp  : 185)   699 22-mers were removed by early tip clipper
  0:00:06.724    16M / 5G    INFO    General                 (graph_construction.hpp    : 136)   Condensing graph
  0:00:06.724    16M / 5G    INFO   UnbranchingPathExtractor (debruijn_graph_constructor: 330)   Extracting unbranching paths
  0:00:06.824    16M / 5G    INFO   UnbranchingPathExtractor (debruijn_graph_constructor: 344)   Extracting unbranching paths finished. 186 sequences extracted
  0:00:06.855    16M / 5G    INFO   UnbranchingPathExtractor (debruijn_graph_constructor: 304)   Collecting perfect loops
  0:00:06.894    16M / 5G    INFO   UnbranchingPathExtractor (debruijn_graph_constructor: 319)   Collecting perfect loops finished. 0 loops collected
  0:00:06.895    16M / 5G    INFO    General                 (graph_construction.hpp    : 141)   Building index with from graph
  0:00:06.895    16M / 5G    INFO   K-mer Index Building     (kmer_index_builder.hpp    : 346)   Building kmer index
  0:00:06.895    16M / 5G    INFO    General                 (kmer_splitters.hpp        : 213)   Splitting kmer instances into 16 buckets. This might take a while.
  0:00:06.895    16M / 5G    INFO    General                 (file_limit.hpp            :  30)   Open file limit set to 256
  0:00:06.895    16M / 5G    INFO    General                 (kmer_index_builder.hpp    : 105)   Memory available for splitting buffers: 83.3281 Gb
  0:00:06.895    16M / 5G    INFO    General                 (kmer_index_builder.hpp    : 113)   Using cell size of 4194304
  0:00:06.928   592M / 5G    INFO    General                 (kmer_splitters.hpp        : 229)   Used 186 sequences.
  0:00:06.928   592M / 5G    INFO    General                 (kmer_index_builder.hpp    : 232)   Starting k-mer counting.
  0:00:06.941   592M / 5G    INFO    General                 (kmer_index_builder.hpp    : 238)   K-mer counting done. There are 100308 kmers in total.
  0:00:06.941   592M / 5G    INFO    General                 (kmer_index_builder.hpp    : 240)   Merging temporary buckets.
  0:00:06.957   592M / 5G    INFO   K-mer Index Building     (kmer_index_builder.hpp    : 355)   Building perfect hash indices
  0:00:06.987   592M / 5G    INFO    General                 (kmer_index_builder.hpp    : 256)   Merging final buckets.
  0:00:06.991   592M / 5G    INFO   K-mer Index Building     (kmer_index_builder.hpp    : 401)   Index built. Total 32920 bytes occupied (2.62551 bits per kmer).
  0:00:06.992    16M / 5G    INFO    General                 (edge_index_builders.hpp   :  27)   Collecting k-mer coverage information from graph, this takes a while.
  0:00:07.042    16M / 5G    INFO    General                 (edge_index.hpp            :  91)   Index refilled
  0:00:07.043    16M / 5G    INFO    General                 (graph_construction.hpp    : 173)   Filling coverage index
  0:00:07.043    16M / 5G    INFO    General                 (edge_index_builders.hpp   : 105)   Collecting k-mer coverage information from reads, this takes a while.
  0:00:12.587    16M / 5G    INFO    General                 (graph_construction.hpp    : 175)   Filling coverage and flanking coverage from index
  0:00:12.589    16M / 5G    INFO    General                 (construction.cpp          :  30)   Figured out: read length = 100
  0:00:12.589    16M / 5G    INFO   StageManager             (stage.cpp                 : 126)   STAGE == EC Threshold Finding
  0:00:12.598    16M / 5G    INFO    General                 (kmer_coverage_model.cpp   : 180)   Kmer coverage valley at: 3
  0:00:12.598    16M / 5G    INFO    General                 (kmer_coverage_model.cpp   : 200)   K-mer histogram maximum: 210
  0:00:12.598    16M / 5G    INFO    General                 (kmer_coverage_model.cpp   : 236)   Estimated median coverage: 210. Coverage mad: 35.5824
  0:00:12.598    16M / 5G    INFO    General                 (kmer_coverage_model.cpp   : 275)   Fitting coverage model
  0:00:12.769    16M / 5G    INFO    General                 (kmer_coverage_model.cpp   : 311)   ... iteration 2
  0:00:13.230    16M / 5G    INFO    General                 (kmer_coverage_model.cpp   : 311)   ... iteration 4
  0:00:14.943    16M / 5G    INFO    General                 (kmer_coverage_model.cpp   : 311)   ... iteration 8
  0:00:18.330    16M / 5G    INFO    General                 (kmer_coverage_model.cpp   : 311)   ... iteration 16
  0:00:22.907    16M / 5G    INFO    General                 (kmer_coverage_model.cpp   : 325)   Fitted mean coverage: 205.974. Fitted coverage std. dev: 35.5316
  0:00:22.912    16M / 5G    INFO    General                 (kmer_coverage_model.cpp   : 350)   Probability of erroneous kmer at valley: 0.997143
  0:00:22.912    16M / 5G    INFO    General                 (kmer_coverage_model.cpp   : 374)   Preliminary threshold calculated as: 133
  0:00:22.912    16M / 5G    INFO    General                 (kmer_coverage_model.cpp   : 378)   Threshold adjusted to: 104
  0:00:22.912    16M / 5G    INFO    General                 (kmer_coverage_model.cpp   : 391)   Estimated genome size (ignoring repeats): 98616
  0:00:22.912    16M / 5G    INFO    General                 (genomic_info_filler.cpp   : 133)   Mean coverage was calculated as 205.974
  0:00:22.913    16M / 5G    INFO    General                 (genomic_info_filler.cpp   : 147)   EC coverage threshold value was calculated as 104
  0:00:22.913    16M / 5G    INFO    General                 (genomic_info_filler.cpp   : 148)   Trusted kmer low bound: 0
  0:00:22.913    16M / 5G    INFO   StageManager             (stage.cpp                 : 126)   STAGE == Simplification
  0:00:22.913    16M / 5G    INFO    General                 (simplification.cpp        : 349)   Graph simplification started
  0:00:22.914    16M / 5G    INFO    General                 (simplification.cpp        :  98)   PROCEDURE == InitialCleaning
  0:00:22.914    16M / 5G    INFO    General                 (graph_simplification.hpp  : 577)   Removing isolated edges
  0:00:22.914    16M / 5G    INFO    General                 (graph_simplification.hpp  : 578)   All isolated edges shorter than 100 will be removed
  0:00:22.914    16M / 5G    INFO    General                 (graph_simplification.hpp  : 579)   Also isolated edges shorter than 0 and coverage smaller than 0 will be removed
  0:00:22.914    16M / 5G    INFO    General                 (graph_simplification.hpp  : 850)   Flanking coverage based disconnection disabled
  0:00:22.914    16M / 5G    INFO    General                 (simplification.cpp        : 326)   Running Self conjugate edge remover
  0:00:22.914    16M / 5G    INFO    General                 (simplification.cpp        : 326)   Running Initial isolated edge remover
  0:00:22.914    16M / 5G    INFO    General                 (simplification.cpp        : 326)   Running Initial tip clipper
  0:00:22.915    16M / 5G    INFO    General                 (simplification.cpp        : 326)   Running Initial ec remover
  0:00:22.916    16M / 5G    INFO    General                 (graph_simplification.hpp  : 763)   Creating parallel br instance
  0:00:22.916    16M / 5G    INFO    General                 (simplification.cpp        : 372)   PROCEDURE == Simplification cycle, iteration 1
  0:00:22.916    16M / 5G    INFO    General                 (simplification.cpp        : 326)   Running Tip clipper
  0:00:22.916    16M / 5G    INFO    General                 (simplification.cpp        : 326)   Running Bulge remover
  0:00:22.920    16M / 5G    INFO    General                 (simplification.cpp        : 326)   Running Low coverage edge remover
  0:00:22.920    16M / 5G    INFO    General                 (simplification.cpp        : 372)   PROCEDURE == Simplification cycle, iteration 2
  0:00:22.920    16M / 5G    INFO    General                 (simplification.cpp        : 326)   Running Tip clipper
  0:00:22.920    16M / 5G    INFO    General                 (simplification.cpp        : 326)   Running Bulge remover
  0:00:22.921    16M / 5G    INFO    General                 (simplification.cpp        : 326)   Running Low coverage edge remover
  0:00:22.921    16M / 5G    INFO    General                 (simplification.cpp        : 372)   PROCEDURE == Simplification cycle, iteration 3
  0:00:22.921    16M / 5G    INFO    General                 (simplification.cpp        : 326)   Running Tip clipper
  0:00:22.921    16M / 5G    INFO    General                 (simplification.cpp        : 326)   Running Bulge remover
  0:00:22.921    16M / 5G    INFO    General                 (simplification.cpp        : 326)   Running Low coverage edge remover
  0:00:22.921    16M / 5G    INFO    General                 (simplification.cpp        : 372)   PROCEDURE == Simplification cycle, iteration 4
  0:00:22.921    16M / 5G    INFO    General                 (simplification.cpp        : 326)   Running Tip clipper
  0:00:22.921    16M / 5G    INFO    General                 (simplification.cpp        : 326)   Running Bulge remover
  0:00:22.921    16M / 5G    INFO    General                 (simplification.cpp        : 326)   Running Low coverage edge remover
  0:00:22.921    16M / 5G    INFO    General                 (simplification.cpp        : 372)   PROCEDURE == Simplification cycle, iteration 5
  0:00:22.921    16M / 5G    INFO    General                 (simplification.cpp        : 326)   Running Tip clipper
  0:00:22.922    16M / 5G    INFO    General                 (simplification.cpp        : 326)   Running Bulge remover
  0:00:22.922    16M / 5G    INFO    General                 (simplification.cpp        : 326)   Running Low coverage edge remover
  0:00:22.922    16M / 5G    INFO    General                 (simplification.cpp        : 372)   PROCEDURE == Simplification cycle, iteration 6
  0:00:22.922    16M / 5G    INFO    General                 (simplification.cpp        : 326)   Running Tip clipper
  0:00:22.922    16M / 5G    INFO    General                 (simplification.cpp        : 326)   Running Bulge remover
  0:00:22.922    16M / 5G    INFO    General                 (simplification.cpp        : 326)   Running Low coverage edge remover
  0:00:22.922    16M / 5G    INFO    General                 (simplification.cpp        : 372)   PROCEDURE == Simplification cycle, iteration 7
  0:00:22.922    16M / 5G    INFO    General                 (simplification.cpp        : 326)   Running Tip clipper
  0:00:22.922    16M / 5G    INFO    General                 (simplification.cpp        : 326)   Running Bulge remover
  0:00:22.922    16M / 5G    INFO    General                 (simplification.cpp        : 326)   Running Low coverage edge remover
  0:00:22.922    16M / 5G    INFO    General                 (simplification.cpp        : 372)   PROCEDURE == Simplification cycle, iteration 8
  0:00:22.922    16M / 5G    INFO    General                 (simplification.cpp        : 326)   Running Tip clipper
  0:00:22.922    16M / 5G    INFO    General                 (simplification.cpp        : 326)   Running Bulge remover
  0:00:22.922    16M / 5G    INFO    General                 (simplification.cpp        : 326)   Running Low coverage edge remover
  0:00:22.922    16M / 5G    INFO    General                 (simplification.cpp        : 372)   PROCEDURE == Simplification cycle, iteration 9
  0:00:22.922    16M / 5G    INFO    General                 (simplification.cpp        : 326)   Running Tip clipper
  0:00:22.922    16M / 5G    INFO    General                 (simplification.cpp        : 326)   Running Bulge remover
  0:00:22.922    16M / 5G    INFO    General                 (simplification.cpp        : 326)   Running Low coverage edge remover
  0:00:22.922    16M / 5G    INFO    General                 (simplification.cpp        : 372)   PROCEDURE == Simplification cycle, iteration 10
  0:00:22.922    16M / 5G    INFO    General                 (simplification.cpp        : 326)   Running Tip clipper
  0:00:22.922    16M / 5G    INFO    General                 (simplification.cpp        : 326)   Running Bulge remover
  0:00:22.922    16M / 5G    INFO    General                 (simplification.cpp        : 326)   Running Low coverage edge remover
  0:00:22.922    16M / 5G    INFO    General                 (simplification.cpp        : 213)   PROCEDURE == Post simplification
  0:00:22.923    16M / 5G    INFO    General                 (graph_simplification.hpp  : 763)   Creating parallel br instance
  0:00:22.923    16M / 5G    INFO    General                 (simplification.cpp        : 268)   Iteration 0
  0:00:22.923    16M / 5G    INFO    General                 (graph_simplification.hpp  : 463)   Removal of relatively low covered connections disabled
  0:00:22.923    16M / 5G    INFO    General                 (graph_simplification.hpp  : 480)   Disconnection of relatively low covered edges disabled
  0:00:22.923    16M / 5G    INFO    General                 (graph_simplification.hpp  : 536)   Complex tip clipping disabled
  0:00:22.923    16M / 5G    INFO    General                 (simplification.cpp        : 326)   Running Tip clipper
  0:00:22.923    16M / 5G    INFO    General                 (simplification.cpp        : 326)   Running Bulge remover
  0:00:22.923    16M / 5G    INFO    General                 (simplification.cpp        : 296)   Disrupting self-conjugate edges
  0:00:22.923    16M / 5G    INFO   StageManager             (stage.cpp                 : 126)   STAGE == Simplification Cleanup
  0:00:22.923    16M / 5G    INFO    General                 (graph_simplification.hpp  : 577)   Removing isolated edges
  0:00:22.923    16M / 5G    INFO    General                 (graph_simplification.hpp  : 578)   All isolated edges shorter than 150 will be removed
  0:00:22.923    16M / 5G    INFO    General                 (graph_simplification.hpp  : 579)   Also isolated edges shorter than 0 and coverage smaller than 2 will be removed
  0:00:22.923    16M / 5G    INFO    General                 (simplification.cpp        : 522)   Counting average coverage
  0:00:22.923    16M / 5G    INFO    General                 (simplification.cpp        : 527)   Average coverage = 217.446
  0:00:22.923    16M / 5G    INFO   StageManager             (stage.cpp                 : 126)   STAGE == Contig Output
  0:00:22.923    16M / 5G    INFO    General                 (contig_output.hpp         : 309)   Outputting contigs to /Users/Gungnir/qbb2016-answers/week02/spahi1//K21/simplified_contigs.fasta
  0:00:22.932    16M / 5G    INFO    General                 (contig_output.hpp         : 309)   Outputting contigs to /Users/Gungnir/qbb2016-answers/week02/spahi1//K21/before_rr.fasta
  0:00:22.939    16M / 5G    INFO    General                 (contig_output.hpp         : 342)   Outputting graph to /Users/Gungnir/qbb2016-answers/week02/spahi1//K21/assembly_graph.fastg
  0:00:22.953    16M / 5G    INFO    General                 (contig_output.hpp         : 309)   Outputting contigs to /Users/Gungnir/qbb2016-answers/week02/spahi1//K21/final_contigs.fasta
  0:00:22.963    16M / 5G    INFO    General                 (launch.hpp                : 121)   SPAdes finished
  0:00:22.964    16M / 5G    INFO    General                 (main.cpp                  : 109)   Assembling time: 0 hours 0 minutes 22 seconds

== Running assembler: K33

  0:00:00.000     4M / 4M    INFO    General                 (main.cpp                  :  75)   Loading config from /Users/Gungnir/qbb2016-answers/week02/spahi1/K33/configs/config.info
  0:00:00.000     4M / 4M    INFO    General                 (memory_limit.hpp          :  47)   Memory limit set to 250 Gb
  0:00:00.000     4M / 4M    INFO    General                 (main.cpp                  :  88)   Starting SPAdes, built from N/A, git revision N/A
  0:00:00.000     4M / 4M    INFO    General                 (main.cpp                  :  89)   Maximum k-mer length: 128
  0:00:00.000     4M / 4M    INFO    General                 (main.cpp                  :  90)   Assembling dataset (/Users/Gungnir/qbb2016-answers/week02/spahi1/dataset.info) with K=33
  0:00:00.000     4M / 4M    INFO    General                 (launch.hpp                :  29)   SPAdes started
  0:00:00.000     4M / 4M    INFO    General                 (launch.hpp                :  36)   Starting from stage: construction
  0:00:00.000     4M / 4M    INFO    General                 (launch.hpp                :  39)   Two-step RR enabled: 0
  0:00:00.000     4M / 4M    INFO   StageManager             (stage.cpp                 : 126)   STAGE == Construction
  0:00:00.000     4M / 4M    INFO    General                 (read_converter.hpp        :  61)   Binary reads detected
  0:00:00.001     4M / 4M    INFO    General                 (graph_construction.hpp    : 120)   Constructing DeBruijn graph for k=33
  0:00:00.001     4M / 4M    INFO    General                 (kmer_splitters.hpp        : 130)   Splitting kmer instances into 16 buckets. This might take a while.
  0:00:00.001     4M / 4M    INFO    General                 (file_limit.hpp            :  30)   Open file limit set to 256
  0:00:00.001     4M / 4M    INFO    General                 (kmer_index_builder.hpp    : 105)   Memory available for splitting buffers: 20.833 Gb
  0:00:00.001     4M / 4M    INFO    General                 (kmer_index_builder.hpp    : 113)   Using cell size of 2097152
  0:00:03.044     2G / 2G    INFO    General                 (kmer_splitters.hpp        : 154)   Processed 612348 reads
  0:00:03.044     2G / 2G    INFO    General                 (kmer_splitters.hpp        : 160)   Adding contigs from previous K
  0:00:03.084     2G / 2G    INFO    General                 (kmer_splitters.hpp        : 171)   Used 612348 reads. Maximum read length 100
  0:00:03.085     2G / 2G    INFO    General                 (kmer_splitters.hpp        : 172)   Average read length 91.9341
  0:00:03.085     2G / 2G    INFO    General                 (kmer_index_builder.hpp    : 232)   Starting k-mer counting.
  0:00:03.122     2G / 2G    INFO    General                 (kmer_index_builder.hpp    : 238)   K-mer counting done. There are 101279 kmers in total.
  0:00:03.122     2G / 2G    INFO    General                 (kmer_index_builder.hpp    : 240)   Merging temporary buckets.
  0:00:03.146     2G / 2G    INFO   K-mer Index Building     (kmer_index_builder.hpp    : 346)   Building kmer index
  0:00:03.146     2G / 2G    INFO    General                 (kmer_splitters.hpp        : 282)   Splitting kmer instances into 64 buckets. This might take a while.
  0:00:03.146     2G / 2G    INFO    General                 (file_limit.hpp            :  30)   Open file limit set to 256
  0:00:03.146     2G / 2G    INFO    General                 (kmer_index_builder.hpp    : 105)   Memory available for splitting buffers: 20.6445 Gb
  0:00:03.146     2G / 2G    INFO    General                 (kmer_index_builder.hpp    : 113)   Using cell size of 524288
  0:00:03.324     5G / 5G    INFO    General                 (kmer_splitters.hpp        : 301)   Processed 101279 kmers
  0:00:03.324     5G / 5G    INFO    General                 (kmer_splitters.hpp        : 306)   Used 101279 kmers.
  0:00:03.324     5G / 5G    INFO    General                 (kmer_index_builder.hpp    : 232)   Starting k-mer counting.
  0:00:03.349     5G / 5G    INFO    General                 (kmer_index_builder.hpp    : 238)   K-mer counting done. There are 101257 kmers in total.
  0:00:03.349     5G / 5G    INFO    General                 (kmer_index_builder.hpp    : 240)   Merging temporary buckets.
  0:00:03.436     5G / 5G    INFO   K-mer Index Building     (kmer_index_builder.hpp    : 355)   Building perfect hash indices
  0:00:03.448     5G / 5G    INFO    General                 (kmer_index_builder.hpp    : 256)   Merging final buckets.
  0:00:03.451     5G / 5G    INFO   K-mer Index Building     (kmer_index_builder.hpp    : 401)   Index built. Total 33240 bytes occupied (2.62619 bits per kmer).
  0:00:03.451     5G / 5G    INFO   DeBruijnExtensionIndexBu (kmer_extension_index_build:  85)   Building k-mer extensions from k+1-mers
  0:00:03.510     5G / 5G    INFO   DeBruijnExtensionIndexBu (kmer_extension_index_build:  89)   Building k-mer extensions from k+1-mers finished.
  0:00:03.530    16M / 5G    INFO   Early tip clipping       (early_simplification.hpp  : 182)   Early tip clipping
  0:00:03.627    16M / 5G    INFO   Early tip clipping       (early_simplification.hpp  : 185)   707 34-mers were removed by early tip clipper
  0:00:03.627    16M / 5G    INFO    General                 (graph_construction.hpp    : 136)   Condensing graph
  0:00:03.627    16M / 5G    INFO   UnbranchingPathExtractor (debruijn_graph_constructor: 330)   Extracting unbranching paths
  0:00:03.739    16M / 5G    INFO   UnbranchingPathExtractor (debruijn_graph_constructor: 344)   Extracting unbranching paths finished. 180 sequences extracted
  0:00:03.777    16M / 5G    INFO   UnbranchingPathExtractor (debruijn_graph_constructor: 304)   Collecting perfect loops
  0:00:03.828    16M / 5G    INFO   UnbranchingPathExtractor (debruijn_graph_constructor: 319)   Collecting perfect loops finished. 0 loops collected
  0:00:03.828    16M / 5G    INFO    General                 (graph_construction.hpp    : 141)   Building index with from graph
  0:00:03.828    16M / 5G    INFO   K-mer Index Building     (kmer_index_builder.hpp    : 346)   Building kmer index
  0:00:03.828    16M / 5G    INFO    General                 (kmer_splitters.hpp        : 213)   Splitting kmer instances into 16 buckets. This might take a while.
  0:00:03.828    16M / 5G    INFO    General                 (file_limit.hpp            :  30)   Open file limit set to 256
  0:00:03.828    16M / 5G    INFO    General                 (kmer_index_builder.hpp    : 105)   Memory available for splitting buffers: 83.3281 Gb
  0:00:03.828    16M / 5G    INFO    General                 (kmer_index_builder.hpp    : 113)   Using cell size of 2097152
  0:00:03.866   592M / 5G    INFO    General                 (kmer_splitters.hpp        : 229)   Used 180 sequences.
  0:00:03.866   592M / 5G    INFO    General                 (kmer_index_builder.hpp    : 232)   Starting k-mer counting.
  0:00:03.880   592M / 5G    INFO    General                 (kmer_index_builder.hpp    : 238)   K-mer counting done. There are 100572 kmers in total.
  0:00:03.880   592M / 5G    INFO    General                 (kmer_index_builder.hpp    : 240)   Merging temporary buckets.
  0:00:03.921   592M / 5G    INFO   K-mer Index Building     (kmer_index_builder.hpp    : 355)   Building perfect hash indices
  0:00:03.948   592M / 5G    INFO    General                 (kmer_index_builder.hpp    : 256)   Merging final buckets.
  0:00:03.951   592M / 5G    INFO   K-mer Index Building     (kmer_index_builder.hpp    : 401)   Index built. Total 33032 bytes occupied (2.62753 bits per kmer).
  0:00:03.953    16M / 5G    INFO    General                 (edge_index_builders.hpp   :  27)   Collecting k-mer coverage information from graph, this takes a while.
  0:00:04.009    16M / 5G    INFO    General                 (edge_index.hpp            :  91)   Index refilled
  0:00:04.011    16M / 5G    INFO    General                 (graph_construction.hpp    : 173)   Filling coverage index
  0:00:04.011    16M / 5G    INFO    General                 (edge_index_builders.hpp   : 105)   Collecting k-mer coverage information from reads, this takes a while.
  0:00:10.562    16M / 5G    INFO    General                 (graph_construction.hpp    : 175)   Filling coverage and flanking coverage from index
  0:00:10.564    16M / 5G    INFO    General                 (construction.cpp          :  30)   Figured out: read length = 100
  0:00:10.564    16M / 5G    INFO   StageManager             (stage.cpp                 : 126)   STAGE == EC Threshold Finding
  0:00:10.571    16M / 5G    INFO    General                 (kmer_coverage_model.cpp   : 180)   Kmer coverage valley at: 0
  0:00:10.571    16M / 5G    INFO    General                 (kmer_coverage_model.cpp   : 200)   K-mer histogram maximum: 179
  0:00:10.571    16M / 5G    INFO    General                 (kmer_coverage_model.cpp   : 236)   Estimated median coverage: 179. Coverage mad: 32.6172
  0:00:10.571    16M / 5G    INFO    General                 (kmer_coverage_model.cpp   : 275)   Fitting coverage model
  0:00:10.740    16M / 5G    INFO    General                 (kmer_coverage_model.cpp   : 311)   ... iteration 2
  0:00:11.167    16M / 5G    INFO    General                 (kmer_coverage_model.cpp   : 311)   ... iteration 4
  0:00:12.845    16M / 5G    INFO    General                 (kmer_coverage_model.cpp   : 311)   ... iteration 8
  0:00:16.578    16M / 5G    INFO    General                 (kmer_coverage_model.cpp   : 311)   ... iteration 16
  0:00:21.432    16M / 5G    INFO    General                 (kmer_coverage_model.cpp   : 311)   ... iteration 32
  0:00:21.432    16M / 5G    INFO    General                 (kmer_coverage_model.cpp   : 325)   Fitted mean coverage: 171.134. Fitted coverage std. dev: 33.0785
  0:00:21.437    16M / 5G    INFO    General                 (kmer_coverage_model.cpp   : 350)   Probability of erroneous kmer at valley: 0.986984
  0:00:21.437    16M / 5G    INFO    General                 (kmer_coverage_model.cpp   : 374)   Preliminary threshold calculated as: 109
  0:00:21.437    16M / 5G    INFO    General                 (kmer_coverage_model.cpp   : 378)   Threshold adjusted to: 85
  0:00:21.437    16M / 5G    INFO    General                 (kmer_coverage_model.cpp   : 391)   Estimated genome size (ignoring repeats): 98165
  0:00:21.437    16M / 5G    INFO    General                 (genomic_info_filler.cpp   : 133)   Mean coverage was calculated as 171.134
  0:00:21.437    16M / 5G    INFO    General                 (genomic_info_filler.cpp   : 147)   EC coverage threshold value was calculated as 85
  0:00:21.437    16M / 5G    INFO    General                 (genomic_info_filler.cpp   : 148)   Trusted kmer low bound: 0
  0:00:21.437    16M / 5G    INFO   StageManager             (stage.cpp                 : 126)   STAGE == Simplification
  0:00:21.438    16M / 5G    INFO    General                 (simplification.cpp        : 349)   Graph simplification started
  0:00:21.438    16M / 5G    INFO    General                 (simplification.cpp        :  98)   PROCEDURE == InitialCleaning
  0:00:21.438    16M / 5G    INFO    General                 (graph_simplification.hpp  : 577)   Removing isolated edges
  0:00:21.438    16M / 5G    INFO    General                 (graph_simplification.hpp  : 578)   All isolated edges shorter than 100 will be removed
  0:00:21.438    16M / 5G    INFO    General                 (graph_simplification.hpp  : 579)   Also isolated edges shorter than 0 and coverage smaller than 0 will be removed
  0:00:21.438    16M / 5G    INFO    General                 (graph_simplification.hpp  : 850)   Flanking coverage based disconnection disabled
  0:00:21.438    16M / 5G    INFO    General                 (simplification.cpp        : 326)   Running Self conjugate edge remover
  0:00:21.438    16M / 5G    INFO    General                 (simplification.cpp        : 326)   Running Initial isolated edge remover
  0:00:21.438    16M / 5G    INFO    General                 (simplification.cpp        : 326)   Running Initial tip clipper
  0:00:21.439    16M / 5G    INFO    General                 (simplification.cpp        : 326)   Running Initial ec remover
  0:00:21.440    16M / 5G    INFO    General                 (graph_simplification.hpp  : 763)   Creating parallel br instance
  0:00:21.440    16M / 5G    INFO    General                 (simplification.cpp        : 372)   PROCEDURE == Simplification cycle, iteration 1
  0:00:21.440    16M / 5G    INFO    General                 (simplification.cpp        : 326)   Running Tip clipper
  0:00:21.440    16M / 5G    INFO    General                 (simplification.cpp        : 326)   Running Bulge remover
  0:00:21.446    16M / 5G    INFO    General                 (simplification.cpp        : 326)   Running Low coverage edge remover
  0:00:21.447    16M / 5G    INFO    General                 (simplification.cpp        : 372)   PROCEDURE == Simplification cycle, iteration 2
  0:00:21.447    16M / 5G    INFO    General                 (simplification.cpp        : 326)   Running Tip clipper
  0:00:21.447    16M / 5G    INFO    General                 (simplification.cpp        : 326)   Running Bulge remover
  0:00:21.449    16M / 5G    INFO    General                 (simplification.cpp        : 326)   Running Low coverage edge remover
  0:00:21.449    16M / 5G    INFO    General                 (simplification.cpp        : 372)   PROCEDURE == Simplification cycle, iteration 3
  0:00:21.449    16M / 5G    INFO    General                 (simplification.cpp        : 326)   Running Tip clipper
  0:00:21.449    16M / 5G    INFO    General                 (simplification.cpp        : 326)   Running Bulge remover
  0:00:21.450    16M / 5G    INFO    General                 (simplification.cpp        : 326)   Running Low coverage edge remover
  0:00:21.450    16M / 5G    INFO    General                 (simplification.cpp        : 372)   PROCEDURE == Simplification cycle, iteration 4
  0:00:21.450    16M / 5G    INFO    General                 (simplification.cpp        : 326)   Running Tip clipper
  0:00:21.450    16M / 5G    INFO    General                 (simplification.cpp        : 326)   Running Bulge remover
  0:00:21.451    16M / 5G    INFO    General                 (simplification.cpp        : 326)   Running Low coverage edge remover
  0:00:21.451    16M / 5G    INFO    General                 (simplification.cpp        : 372)   PROCEDURE == Simplification cycle, iteration 5
  0:00:21.451    16M / 5G    INFO    General                 (simplification.cpp        : 326)   Running Tip clipper
  0:00:21.451    16M / 5G    INFO    General                 (simplification.cpp        : 326)   Running Bulge remover
  0:00:21.451    16M / 5G    INFO    General                 (simplification.cpp        : 326)   Running Low coverage edge remover
  0:00:21.451    16M / 5G    INFO    General                 (simplification.cpp        : 372)   PROCEDURE == Simplification cycle, iteration 6
  0:00:21.451    16M / 5G    INFO    General                 (simplification.cpp        : 326)   Running Tip clipper
  0:00:21.451    16M / 5G    INFO    General                 (simplification.cpp        : 326)   Running Bulge remover
  0:00:21.451    16M / 5G    INFO    General                 (simplification.cpp        : 326)   Running Low coverage edge remover
  0:00:21.451    16M / 5G    INFO    General                 (simplification.cpp        : 372)   PROCEDURE == Simplification cycle, iteration 7
  0:00:21.451    16M / 5G    INFO    General                 (simplification.cpp        : 326)   Running Tip clipper
  0:00:21.451    16M / 5G    INFO    General                 (simplification.cpp        : 326)   Running Bulge remover
  0:00:21.451    16M / 5G    INFO    General                 (simplification.cpp        : 326)   Running Low coverage edge remover
  0:00:21.451    16M / 5G    INFO    General                 (simplification.cpp        : 372)   PROCEDURE == Simplification cycle, iteration 8
  0:00:21.451    16M / 5G    INFO    General                 (simplification.cpp        : 326)   Running Tip clipper
  0:00:21.451    16M / 5G    INFO    General                 (simplification.cpp        : 326)   Running Bulge remover
  0:00:21.451    16M / 5G    INFO    General                 (simplification.cpp        : 326)   Running Low coverage edge remover
  0:00:21.451    16M / 5G    INFO    General                 (simplification.cpp        : 372)   PROCEDURE == Simplification cycle, iteration 9
  0:00:21.451    16M / 5G    INFO    General                 (simplification.cpp        : 326)   Running Tip clipper
  0:00:21.451    16M / 5G    INFO    General                 (simplification.cpp        : 326)   Running Bulge remover
  0:00:21.451    16M / 5G    INFO    General                 (simplification.cpp        : 326)   Running Low coverage edge remover
  0:00:21.451    16M / 5G    INFO    General                 (simplification.cpp        : 372)   PROCEDURE == Simplification cycle, iteration 10
  0:00:21.451    16M / 5G    INFO    General                 (simplification.cpp        : 326)   Running Tip clipper
  0:00:21.451    16M / 5G    INFO    General                 (simplification.cpp        : 326)   Running Bulge remover
  0:00:21.451    16M / 5G    INFO    General                 (simplification.cpp        : 326)   Running Low coverage edge remover
  0:00:21.452    16M / 5G    INFO    General                 (simplification.cpp        : 213)   PROCEDURE == Post simplification
  0:00:21.452    16M / 5G    INFO    General                 (graph_simplification.hpp  : 763)   Creating parallel br instance
  0:00:21.452    16M / 5G    INFO    General                 (simplification.cpp        : 268)   Iteration 0
  0:00:21.452    16M / 5G    INFO    General                 (graph_simplification.hpp  : 463)   Removal of relatively low covered connections disabled
  0:00:21.452    16M / 5G    INFO    General                 (graph_simplification.hpp  : 480)   Disconnection of relatively low covered edges disabled
  0:00:21.452    16M / 5G    INFO    General                 (graph_simplification.hpp  : 536)   Complex tip clipping disabled
  0:00:21.452    16M / 5G    INFO    General                 (simplification.cpp        : 326)   Running Tip clipper
  0:00:21.452    16M / 5G    INFO    General                 (simplification.cpp        : 326)   Running Bulge remover
  0:00:21.452    16M / 5G    INFO    General                 (simplification.cpp        : 296)   Disrupting self-conjugate edges
  0:00:21.452    16M / 5G    INFO   StageManager             (stage.cpp                 : 126)   STAGE == Simplification Cleanup
  0:00:21.452    16M / 5G    INFO    General                 (graph_simplification.hpp  : 577)   Removing isolated edges
  0:00:21.452    16M / 5G    INFO    General                 (graph_simplification.hpp  : 578)   All isolated edges shorter than 150 will be removed
  0:00:21.452    16M / 5G    INFO    General                 (graph_simplification.hpp  : 579)   Also isolated edges shorter than 0 and coverage smaller than 2 will be removed
  0:00:21.452    16M / 5G    INFO    General                 (simplification.cpp        : 522)   Counting average coverage
  0:00:21.452    16M / 5G    INFO    General                 (simplification.cpp        : 527)   Average coverage = 180.617
  0:00:21.452    16M / 5G    INFO   StageManager             (stage.cpp                 : 126)   STAGE == Contig Output
  0:00:21.452    16M / 5G    INFO    General                 (contig_output.hpp         : 309)   Outputting contigs to /Users/Gungnir/qbb2016-answers/week02/spahi1//K33/simplified_contigs.fasta
  0:00:21.461    16M / 5G    INFO    General                 (contig_output.hpp         : 309)   Outputting contigs to /Users/Gungnir/qbb2016-answers/week02/spahi1//K33/before_rr.fasta
  0:00:21.468    16M / 5G    INFO    General                 (contig_output.hpp         : 342)   Outputting graph to /Users/Gungnir/qbb2016-answers/week02/spahi1//K33/assembly_graph.fastg
  0:00:21.480    16M / 5G    INFO    General                 (contig_output.hpp         : 309)   Outputting contigs to /Users/Gungnir/qbb2016-answers/week02/spahi1//K33/final_contigs.fasta
  0:00:21.487    16M / 5G    INFO    General                 (launch.hpp                : 121)   SPAdes finished
  0:00:21.488    16M / 5G    INFO    General                 (main.cpp                  : 109)   Assembling time: 0 hours 0 minutes 21 seconds

== Running assembler: K55

  0:00:00.000     4M / 4M    INFO    General                 (main.cpp                  :  75)   Loading config from /Users/Gungnir/qbb2016-answers/week02/spahi1/K55/configs/config.info
  0:00:00.000     4M / 4M    INFO    General                 (memory_limit.hpp          :  47)   Memory limit set to 250 Gb
  0:00:00.000     4M / 4M    INFO    General                 (main.cpp                  :  88)   Starting SPAdes, built from N/A, git revision N/A
  0:00:00.000     4M / 4M    INFO    General                 (main.cpp                  :  89)   Maximum k-mer length: 128
  0:00:00.000     4M / 4M    INFO    General                 (main.cpp                  :  90)   Assembling dataset (/Users/Gungnir/qbb2016-answers/week02/spahi1/dataset.info) with K=55
  0:00:00.000     4M / 4M    INFO    General                 (launch.hpp                :  29)   SPAdes started
  0:00:00.000     4M / 4M    INFO    General                 (launch.hpp                :  36)   Starting from stage: construction
  0:00:00.000     4M / 4M    INFO    General                 (launch.hpp                :  39)   Two-step RR enabled: 0
  0:00:00.000     4M / 4M    INFO    General                 (launch.hpp                :  58)   Will need read mapping, kmer mapper will be attached
  0:00:00.000     4M / 4M    INFO   StageManager             (stage.cpp                 : 126)   STAGE == Construction
  0:00:00.000     4M / 4M    INFO    General                 (read_converter.hpp        :  61)   Binary reads detected
  0:00:00.001     4M / 4M    INFO    General                 (graph_construction.hpp    : 120)   Constructing DeBruijn graph for k=55
  0:00:00.001     4M / 4M    INFO    General                 (kmer_splitters.hpp        : 130)   Splitting kmer instances into 16 buckets. This might take a while.
  0:00:00.001     4M / 4M    INFO    General                 (file_limit.hpp            :  30)   Open file limit set to 256
  0:00:00.001     4M / 4M    INFO    General                 (kmer_index_builder.hpp    : 105)   Memory available for splitting buffers: 20.833 Gb
  0:00:00.001     4M / 4M    INFO    General                 (kmer_index_builder.hpp    : 113)   Using cell size of 2097152
  0:00:02.394     2G / 2G    INFO    General                 (kmer_splitters.hpp        : 154)   Processed 612348 reads
  0:00:02.394     2G / 2G    INFO    General                 (kmer_splitters.hpp        : 160)   Adding contigs from previous K
  0:00:02.436     2G / 2G    INFO    General                 (kmer_splitters.hpp        : 171)   Used 612348 reads. Maximum read length 100
  0:00:02.436     2G / 2G    INFO    General                 (kmer_splitters.hpp        : 172)   Average read length 91.9341
  0:00:02.436     2G / 2G    INFO    General                 (kmer_index_builder.hpp    : 232)   Starting k-mer counting.
  0:00:02.470     2G / 2G    INFO    General                 (kmer_index_builder.hpp    : 238)   K-mer counting done. There are 101621 kmers in total.
  0:00:02.470     2G / 2G    INFO    General                 (kmer_index_builder.hpp    : 240)   Merging temporary buckets.
  0:00:02.499     2G / 2G    INFO   K-mer Index Building     (kmer_index_builder.hpp    : 346)   Building kmer index
  0:00:02.499     2G / 2G    INFO    General                 (kmer_splitters.hpp        : 282)   Splitting kmer instances into 64 buckets. This might take a while.
  0:00:02.499     2G / 2G    INFO    General                 (file_limit.hpp            :  30)   Open file limit set to 256
  0:00:02.499     2G / 2G    INFO    General                 (kmer_index_builder.hpp    : 105)   Memory available for splitting buffers: 20.6445 Gb
  0:00:02.499     2G / 2G    INFO    General                 (kmer_index_builder.hpp    : 113)   Using cell size of 524288
  0:00:02.653     5G / 5G    INFO    General                 (kmer_splitters.hpp        : 301)   Processed 101621 kmers
  0:00:02.653     5G / 5G    INFO    General                 (kmer_splitters.hpp        : 306)   Used 101621 kmers.
  0:00:02.653     5G / 5G    INFO    General                 (kmer_index_builder.hpp    : 232)   Starting k-mer counting.
  0:00:02.672     5G / 5G    INFO    General                 (kmer_index_builder.hpp    : 238)   K-mer counting done. There are 101612 kmers in total.
  0:00:02.672     5G / 5G    INFO    General                 (kmer_index_builder.hpp    : 240)   Merging temporary buckets.
  0:00:02.739     5G / 5G    INFO   K-mer Index Building     (kmer_index_builder.hpp    : 355)   Building perfect hash indices
  0:00:02.754     5G / 5G    INFO    General                 (kmer_index_builder.hpp    : 256)   Merging final buckets.
  0:00:02.757     5G / 5G    INFO   K-mer Index Building     (kmer_index_builder.hpp    : 401)   Index built. Total 33368 bytes occupied (2.62709 bits per kmer).
  0:00:02.758     5G / 5G    INFO   DeBruijnExtensionIndexBu (kmer_extension_index_build:  85)   Building k-mer extensions from k+1-mers
  0:00:02.836     5G / 5G    INFO   DeBruijnExtensionIndexBu (kmer_extension_index_build:  89)   Building k-mer extensions from k+1-mers finished.
  0:00:02.852    16M / 5G    INFO    General                 (graph_construction.hpp    : 136)   Condensing graph
  0:00:02.852    16M / 5G    INFO   UnbranchingPathExtractor (debruijn_graph_constructor: 330)   Extracting unbranching paths
  0:00:02.949    16M / 5G    INFO   UnbranchingPathExtractor (debruijn_graph_constructor: 344)   Extracting unbranching paths finished. 788 sequences extracted
  0:00:02.985    16M / 5G    INFO   UnbranchingPathExtractor (debruijn_graph_constructor: 304)   Collecting perfect loops
  0:00:03.034    16M / 5G    INFO   UnbranchingPathExtractor (debruijn_graph_constructor: 319)   Collecting perfect loops finished. 0 loops collected
  0:00:03.036    16M / 5G    INFO    General                 (graph_construction.hpp    : 141)   Building index with from graph
  0:00:03.036    16M / 5G    INFO   K-mer Index Building     (kmer_index_builder.hpp    : 346)   Building kmer index
  0:00:03.036    16M / 5G    INFO    General                 (kmer_splitters.hpp        : 213)   Splitting kmer instances into 16 buckets. This might take a while.
  0:00:03.036    16M / 5G    INFO    General                 (file_limit.hpp            :  30)   Open file limit set to 256
  0:00:03.036    16M / 5G    INFO    General                 (kmer_index_builder.hpp    : 105)   Memory available for splitting buffers: 83.3281 Gb
  0:00:03.036    16M / 5G    INFO    General                 (kmer_index_builder.hpp    : 113)   Using cell size of 2097152
  0:00:03.093   592M / 5G    INFO    General                 (kmer_splitters.hpp        : 229)   Used 788 sequences.
  0:00:03.093   592M / 5G    INFO    General                 (kmer_index_builder.hpp    : 232)   Starting k-mer counting.
  0:00:03.110   592M / 5G    INFO    General                 (kmer_index_builder.hpp    : 238)   K-mer counting done. There are 101621 kmers in total.
  0:00:03.110   592M / 5G    INFO    General                 (kmer_index_builder.hpp    : 240)   Merging temporary buckets.
  0:00:03.155   592M / 5G    INFO   K-mer Index Building     (kmer_index_builder.hpp    : 355)   Building perfect hash indices
  0:00:03.180   592M / 5G    INFO    General                 (kmer_index_builder.hpp    : 256)   Merging final buckets.
  0:00:03.185   592M / 5G    INFO   K-mer Index Building     (kmer_index_builder.hpp    : 401)   Index built. Total 33384 bytes occupied (2.62812 bits per kmer).
  0:00:03.187    16M / 5G    INFO    General                 (edge_index_builders.hpp   :  27)   Collecting k-mer coverage information from graph, this takes a while.
  0:00:03.262    16M / 5G    INFO    General                 (edge_index.hpp            :  91)   Index refilled
  0:00:03.263    16M / 5G    INFO    General                 (graph_construction.hpp    : 173)   Filling coverage index
  0:00:03.263    16M / 5G    INFO    General                 (edge_index_builders.hpp   : 105)   Collecting k-mer coverage information from reads, this takes a while.
  0:00:09.040    16M / 5G    INFO    General                 (graph_construction.hpp    : 175)   Filling coverage and flanking coverage from index
  0:00:09.042    16M / 5G    INFO    General                 (construction.cpp          :  30)   Figured out: read length = 100
  0:00:09.042    16M / 5G    INFO   StageManager             (stage.cpp                 : 126)   STAGE == EC Threshold Finding
  0:00:09.048    16M / 5G    INFO    General                 (kmer_coverage_model.cpp   : 180)   Kmer coverage valley at: 2
  0:00:09.048    16M / 5G    INFO    General                 (kmer_coverage_model.cpp   : 200)   K-mer histogram maximum: 114
  0:00:09.048    16M / 5G    INFO    General                 (kmer_coverage_model.cpp   : 236)   Estimated median coverage: 114. Coverage mad: 26.6868
  0:00:09.048    16M / 5G    INFO    General                 (kmer_coverage_model.cpp   : 275)   Fitting coverage model
  0:00:09.154    16M / 5G    INFO    General                 (kmer_coverage_model.cpp   : 311)   ... iteration 2
  0:00:09.475    16M / 5G    INFO    General                 (kmer_coverage_model.cpp   : 311)   ... iteration 4
  0:00:10.708    16M / 5G    INFO    General                 (kmer_coverage_model.cpp   : 311)   ... iteration 8
  0:00:13.522    16M / 5G    INFO    General                 (kmer_coverage_model.cpp   : 311)   ... iteration 16
  0:00:18.052    16M / 5G    INFO    General                 (kmer_coverage_model.cpp   : 311)   ... iteration 32
  0:00:21.177    16M / 5G    INFO    General                 (kmer_coverage_model.cpp   : 325)   Fitted mean coverage: 109.387. Fitted coverage std. dev: 26.2236
  0:00:21.181    16M / 5G    INFO    General                 (kmer_coverage_model.cpp   : 350)   Probability of erroneous kmer at valley: 0.946532
  0:00:21.181    16M / 5G    INFO    General                 (kmer_coverage_model.cpp   : 374)   Preliminary threshold calculated as: 79
  0:00:21.181    16M / 5G    INFO    General                 (kmer_coverage_model.cpp   : 378)   Threshold adjusted to: 55
  0:00:21.181    16M / 5G    INFO    General                 (kmer_coverage_model.cpp   : 391)   Estimated genome size (ignoring repeats): 95914
  0:00:21.181    16M / 5G    INFO    General                 (genomic_info_filler.cpp   : 133)   Mean coverage was calculated as 109.387
  0:00:21.182    16M / 5G    INFO    General                 (genomic_info_filler.cpp   : 147)   EC coverage threshold value was calculated as 55
  0:00:21.182    16M / 5G    INFO    General                 (genomic_info_filler.cpp   : 148)   Trusted kmer low bound: 0
  0:00:21.182    16M / 5G    INFO   StageManager             (stage.cpp                 : 126)   STAGE == Gap Closer
  0:00:21.182    16M / 5G    INFO    General                 (gap_closer.cpp            : 162)   Preparing shift maps
  0:00:21.183    16M / 5G    INFO    General                 (gap_closer.cpp            : 122)   Processing paired reads (takes a while)
  0:00:21.968    16M / 5G    INFO    General                 (gap_closer.cpp            : 141)   Used 153087 paired reads
  0:00:21.968    16M / 5G    INFO    General                 (gap_closer.cpp            : 143)   Merging paired indices
  0:00:21.969    16M / 5G    INFO   GapCloser                (gap_closer.cpp            : 402)   Closing short gaps
  0:00:21.970    16M / 5G    INFO   GapCloser                (gap_closer.cpp            : 436)   Closing short gaps complete: filled 0 gaps after checking 1 candidates
  0:00:21.970    16M / 5G    INFO   StageManager             (stage.cpp                 : 126)   STAGE == Simplification
  0:00:21.970    16M / 5G    INFO    General                 (simplification.cpp        : 349)   Graph simplification started
  0:00:21.970    16M / 5G    INFO    General                 (simplification.cpp        :  98)   PROCEDURE == InitialCleaning
  0:00:21.971    16M / 5G    INFO    General                 (graph_simplification.hpp  : 577)   Removing isolated edges
  0:00:21.971    16M / 5G    INFO    General                 (graph_simplification.hpp  : 578)   All isolated edges shorter than 100 will be removed
  0:00:21.971    16M / 5G    INFO    General                 (graph_simplification.hpp  : 579)   Also isolated edges shorter than 0 and coverage smaller than 0 will be removed
  0:00:21.971    16M / 5G    INFO    General                 (graph_simplification.hpp  : 850)   Flanking coverage based disconnection disabled
  0:00:21.971    16M / 5G    INFO    General                 (simplification.cpp        : 326)   Running Self conjugate edge remover
  0:00:21.971    16M / 5G    INFO    General                 (simplification.cpp        : 326)   Running Initial isolated edge remover
  0:00:21.971    16M / 5G    INFO    General                 (simplification.cpp        : 326)   Running Initial tip clipper
  0:00:21.981    16M / 5G    INFO    General                 (simplification.cpp        : 326)   Running Initial ec remover
  0:00:21.982    16M / 5G    INFO    General                 (graph_simplification.hpp  : 763)   Creating parallel br instance
  0:00:21.982    16M / 5G    INFO    General                 (simplification.cpp        : 372)   PROCEDURE == Simplification cycle, iteration 1
  0:00:21.982    16M / 5G    INFO    General                 (simplification.cpp        : 326)   Running Tip clipper
  0:00:21.982    16M / 5G    INFO    General                 (simplification.cpp        : 326)   Running Bulge remover
  0:00:21.987    16M / 5G    INFO    General                 (simplification.cpp        : 326)   Running Low coverage edge remover
  0:00:21.988    16M / 5G    INFO    General                 (simplification.cpp        : 372)   PROCEDURE == Simplification cycle, iteration 2
  0:00:21.988    16M / 5G    INFO    General                 (simplification.cpp        : 326)   Running Tip clipper
  0:00:21.988    16M / 5G    INFO    General                 (simplification.cpp        : 326)   Running Bulge remover
  0:00:21.988    16M / 5G    INFO    General                 (simplification.cpp        : 326)   Running Low coverage edge remover
  0:00:21.988    16M / 5G    INFO    General                 (simplification.cpp        : 372)   PROCEDURE == Simplification cycle, iteration 3
  0:00:21.988    16M / 5G    INFO    General                 (simplification.cpp        : 326)   Running Tip clipper
  0:00:21.988    16M / 5G    INFO    General                 (simplification.cpp        : 326)   Running Bulge remover
  0:00:21.990    16M / 5G    INFO    General                 (simplification.cpp        : 326)   Running Low coverage edge remover
  0:00:21.990    16M / 5G    INFO    General                 (simplification.cpp        : 372)   PROCEDURE == Simplification cycle, iteration 4
  0:00:21.990    16M / 5G    INFO    General                 (simplification.cpp        : 326)   Running Tip clipper
  0:00:21.990    16M / 5G    INFO    General                 (simplification.cpp        : 326)   Running Bulge remover
  0:00:21.990    16M / 5G    INFO    General                 (simplification.cpp        : 326)   Running Low coverage edge remover
  0:00:21.990    16M / 5G    INFO    General                 (simplification.cpp        : 372)   PROCEDURE == Simplification cycle, iteration 5
  0:00:21.990    16M / 5G    INFO    General                 (simplification.cpp        : 326)   Running Tip clipper
  0:00:21.990    16M / 5G    INFO    General                 (simplification.cpp        : 326)   Running Bulge remover
  0:00:21.990    16M / 5G    INFO    General                 (simplification.cpp        : 326)   Running Low coverage edge remover
  0:00:21.990    16M / 5G    INFO    General                 (simplification.cpp        : 372)   PROCEDURE == Simplification cycle, iteration 6
  0:00:21.990    16M / 5G    INFO    General                 (simplification.cpp        : 326)   Running Tip clipper
  0:00:21.990    16M / 5G    INFO    General                 (simplification.cpp        : 326)   Running Bulge remover
  0:00:21.990    16M / 5G    INFO    General                 (simplification.cpp        : 326)   Running Low coverage edge remover
  0:00:21.990    16M / 5G    INFO    General                 (simplification.cpp        : 372)   PROCEDURE == Simplification cycle, iteration 7
  0:00:21.990    16M / 5G    INFO    General                 (simplification.cpp        : 326)   Running Tip clipper
  0:00:21.990    16M / 5G    INFO    General                 (simplification.cpp        : 326)   Running Bulge remover
  0:00:21.991    16M / 5G    INFO    General                 (simplification.cpp        : 326)   Running Low coverage edge remover
  0:00:21.991    16M / 5G    INFO    General                 (simplification.cpp        : 372)   PROCEDURE == Simplification cycle, iteration 8
  0:00:21.991    16M / 5G    INFO    General                 (simplification.cpp        : 326)   Running Tip clipper
  0:00:21.991    16M / 5G    INFO    General                 (simplification.cpp        : 326)   Running Bulge remover
  0:00:21.991    16M / 5G    INFO    General                 (simplification.cpp        : 326)   Running Low coverage edge remover
  0:00:21.991    16M / 5G    INFO    General                 (simplification.cpp        : 372)   PROCEDURE == Simplification cycle, iteration 9
  0:00:21.991    16M / 5G    INFO    General                 (simplification.cpp        : 326)   Running Tip clipper
  0:00:21.991    16M / 5G    INFO    General                 (simplification.cpp        : 326)   Running Bulge remover
  0:00:21.991    16M / 5G    INFO    General                 (simplification.cpp        : 326)   Running Low coverage edge remover
  0:00:21.991    16M / 5G    INFO    General                 (simplification.cpp        : 372)   PROCEDURE == Simplification cycle, iteration 10
  0:00:21.991    16M / 5G    INFO    General                 (simplification.cpp        : 326)   Running Tip clipper
  0:00:21.991    16M / 5G    INFO    General                 (simplification.cpp        : 326)   Running Bulge remover
  0:00:21.991    16M / 5G    INFO    General                 (simplification.cpp        : 326)   Running Low coverage edge remover
  0:00:21.991    16M / 5G    INFO    General                 (simplification.cpp        : 213)   PROCEDURE == Post simplification
  0:00:21.991    16M / 5G    INFO    General                 (graph_simplification.hpp  : 763)   Creating parallel br instance
  0:00:21.991    16M / 5G    INFO    General                 (simplification.cpp        : 268)   Iteration 0
  0:00:21.991    16M / 5G    INFO    General                 (graph_simplification.hpp  : 463)   Removal of relatively low covered connections disabled
  0:00:21.991    16M / 5G    INFO    General                 (graph_simplification.hpp  : 480)   Disconnection of relatively low covered edges disabled
  0:00:21.991    16M / 5G    INFO    General                 (graph_simplification.hpp  : 536)   Complex tip clipping disabled
  0:00:21.991    16M / 5G    INFO    General                 (simplification.cpp        : 326)   Running Tip clipper
  0:00:21.991    16M / 5G    INFO    General                 (simplification.cpp        : 326)   Running Bulge remover
  0:00:21.992    16M / 5G    INFO    General                 (simplification.cpp        : 296)   Disrupting self-conjugate edges
  0:00:21.992    16M / 5G    INFO   StageManager             (stage.cpp                 : 126)   STAGE == Gap Closer
  0:00:21.992    16M / 5G    INFO    General                 (graph_pack.hpp            :  91)   Index refill
  0:00:21.992    16M / 5G    INFO   K-mer Index Building     (kmer_index_builder.hpp    : 346)   Building kmer index
  0:00:21.992    16M / 5G    INFO    General                 (kmer_splitters.hpp        : 213)   Splitting kmer instances into 16 buckets. This might take a while.
  0:00:21.992    16M / 5G    INFO    General                 (file_limit.hpp            :  30)   Open file limit set to 256
  0:00:21.992    16M / 5G    INFO    General                 (kmer_index_builder.hpp    : 105)   Memory available for splitting buffers: 83.3281 Gb
  0:00:21.992    16M / 5G    INFO    General                 (kmer_index_builder.hpp    : 113)   Using cell size of 2097152
  0:00:22.041   592M / 5G    INFO    General                 (kmer_splitters.hpp        : 229)   Used 8 sequences.
  0:00:22.041   592M / 5G    INFO    General                 (kmer_index_builder.hpp    : 232)   Starting k-mer counting.
  0:00:22.057   592M / 5G    INFO    General                 (kmer_index_builder.hpp    : 238)   K-mer counting done. There are 99916 kmers in total.
  0:00:22.057   592M / 5G    INFO    General                 (kmer_index_builder.hpp    : 240)   Merging temporary buckets.
  0:00:22.085   592M / 5G    INFO   K-mer Index Building     (kmer_index_builder.hpp    : 355)   Building perfect hash indices
  0:00:22.110   592M / 5G    INFO    General                 (kmer_index_builder.hpp    : 256)   Merging final buckets.
  0:00:22.135   592M / 5G    INFO   K-mer Index Building     (kmer_index_builder.hpp    : 401)   Index built. Total 32776 bytes occupied (2.62428 bits per kmer).
  0:00:22.137    16M / 5G    INFO    General                 (edge_index_builders.hpp   :  27)   Collecting k-mer coverage information from graph, this takes a while.
  0:00:22.266    16M / 5G    INFO    General                 (edge_index.hpp            :  91)   Index refilled
  0:00:22.266    16M / 5G    INFO    General                 (gap_closer.cpp            : 162)   Preparing shift maps
  0:00:22.267    16M / 5G    INFO    General                 (gap_closer.cpp            : 122)   Processing paired reads (takes a while)
  0:00:22.922    16M / 5G    INFO    General                 (gap_closer.cpp            : 141)   Used 153087 paired reads
  0:00:22.922    16M / 5G    INFO    General                 (gap_closer.cpp            : 143)   Merging paired indices
  0:00:22.922    16M / 5G    INFO   GapCloser                (gap_closer.cpp            : 402)   Closing short gaps
  0:00:22.922    16M / 5G    INFO   GapCloser                (gap_closer.cpp            : 436)   Closing short gaps complete: filled 0 gaps after checking 4 candidates
  0:00:22.922    16M / 5G    INFO   StageManager             (stage.cpp                 : 126)   STAGE == Simplification Cleanup
  0:00:22.922    16M / 5G    INFO    General                 (graph_simplification.hpp  : 577)   Removing isolated edges
  0:00:22.923    16M / 5G    INFO    General                 (graph_simplification.hpp  : 578)   All isolated edges shorter than 150 will be removed
  0:00:22.923    16M / 5G    INFO    General                 (graph_simplification.hpp  : 579)   Also isolated edges shorter than 0 and coverage smaller than 2 will be removed
  0:00:22.923    16M / 5G    INFO    General                 (simplification.cpp        : 522)   Counting average coverage
  0:00:22.923    16M / 5G    INFO    General                 (simplification.cpp        : 527)   Average coverage = 114.545
  0:00:22.923    16M / 5G    INFO   StageManager             (stage.cpp                 : 126)   STAGE == Mismatch Correction
  0:00:22.923    16M / 5G    INFO    General                 (graph_pack.hpp            : 100)   Normalizing k-mer map. Total 1122 kmers to process
  0:00:22.924    16M / 5G    INFO    General                 (graph_pack.hpp            : 102)   Normalizing done
  0:00:24.791    16M / 5G    INFO    General                 (mismatch_shall_not_pass.hp: 188)   Finished collecting potential mismatches positions
  0:00:24.797    16M / 5G    INFO    General                 (mismatch_shall_not_pass.hp: 291)   All edges processed
  0:00:24.797    16M / 5G    INFO    General                 (mismatch_correction.cpp   :  26)   Corrected 0 nucleotides
  0:00:24.797    16M / 5G    INFO   StageManager             (stage.cpp                 : 126)   STAGE == Paired Information Counting
  0:00:24.797    16M / 5G    INFO    General                 (graph_pack.hpp            : 100)   Normalizing k-mer map. Total 1122 kmers to process
  0:00:24.797    16M / 5G    INFO    General                 (graph_pack.hpp            : 102)   Normalizing done
  0:00:24.797    16M / 5G    INFO    General                 (pair_info_count.cpp       : 173)   Min edge length for estimation: 66606
  0:00:24.797    16M / 5G    INFO    General                 (pair_info_count.cpp       : 187)   Estimating insert size for library #0
  0:00:24.797    16M / 5G    INFO    General                 (pair_info_count.cpp       :  23)   Estimating insert size (takes a while)
  0:00:24.797    16M / 5G    INFO    General                 (short_read_mapper.hpp     :  93)   Selecting usual mapper
  0:00:25.494    16M / 5G    INFO    General                 (sequence_mapper_notifier.h:  94)   Total 153087 reads processed
  0:00:25.501    16M / 5G    INFO    General                 (pair_info_count.cpp       :  36)   16643 paired reads (10.8716% of all) aligned to long edges
  0:00:25.526    16M / 5G    INFO    General                 (pair_info_count.cpp       : 209)     Insert size = 21827.1, deviation = 15576.4, left quantile = 3208, right quantile = 44682, read length = 100
  0:00:25.526    16M / 5G    INFO    General                 (pair_info_count.cpp       : 231)   Mapping library #0
  0:00:25.526    16M / 5G    INFO    General                 (pair_info_count.cpp       : 243)   Mapping paired reads (takes a while)
  0:00:25.526    16M / 5G    INFO    General                 (pair_info_count.cpp       :  87)   Left insert size qauntile 3208, right insert size quantile 44682
  0:00:25.530    20M / 5G    INFO    General                 (short_read_mapper.hpp     :  93)   Selecting usual mapper
  0:00:26.751    52M / 5G    INFO    General                 (sequence_mapper_notifier.h:  94)   Total 153087 reads processed
  0:02:21.926    60M / 5G    INFO    General                 (split_graph_pair_info.hpp : 356)   Threshold for paired information 2.5355
  0:02:22.873    20M / 5G    INFO   StageManager             (stage.cpp                 : 126)   STAGE == Distance Estimation
  0:02:22.873    20M / 5G    INFO    General                 (distance_estimation.cpp   : 226)   Processing library #0
  0:02:22.873    20M / 5G    INFO    General                 (distance_estimation.cpp   : 132)   Weight Filter Done
  0:02:22.873    20M / 5G    INFO   DistanceEstimator        (distance_estimation.hpp   : 185)   Using SIMPLE distance estimator
  0:02:22.879    20M / 5G    INFO    General                 (distance_estimation.cpp   :  35)   Filtering info
  0:02:22.879    20M / 5G    INFO    General                 (pair_info_filters.hpp     : 242)   Start filtering; index size: 58
  0:02:22.879    20M / 5G    INFO    General                 (pair_info_filters.hpp     : 263)   Done filtering
  0:02:22.879    20M / 5G    INFO    General                 (distance_estimation.cpp   : 174)   Refining clustered pair information
  0:02:22.879    20M / 5G    INFO    General                 (distance_estimation.cpp   : 176)   The refining of clustered pair information has been finished
  0:02:22.879    20M / 5G    INFO    General                 (distance_estimation.cpp   : 178)   Improving paired information
  0:02:22.880    20M / 5G    INFO   PairInfoImprover         (pair_info_improver.hpp    : 103)   Paired info stats: missing = 16; contradictional = 18
  0:02:22.882    20M / 5G    INFO   PairInfoImprover         (pair_info_improver.hpp    : 103)   Paired info stats: missing = 16; contradictional = 32
  0:02:22.882    20M / 5G    INFO    General                 (distance_estimation.cpp   : 185)   Filling scaffolding index
  0:02:22.885    24M / 5G    INFO   DistanceEstimator        (distance_estimation.hpp   : 185)   Using SMOOTHING distance estimator
  0:02:36.325    24M / 5G    INFO    General                 (distance_estimation.cpp   :  35)   Filtering info
  0:02:36.325    24M / 5G    INFO    General                 (pair_info_filters.hpp     : 242)   Start filtering; index size: 49
  0:02:36.325    24M / 5G    INFO    General                 (pair_info_filters.hpp     : 263)   Done filtering
  0:02:36.325    20M / 5G    INFO    General                 (distance_estimation.cpp   : 230)   Clearing raw paired index
  0:02:36.326    20M / 5G    INFO   StageManager             (stage.cpp                 : 126)   STAGE == Repeat Resolving
  0:02:36.326    20M / 5G    INFO    General                 (contig_output.hpp         : 309)   Outputting contigs to /Users/Gungnir/qbb2016-answers/week02/spahi1//K55/before_rr.fasta
  0:02:36.336    20M / 5G    INFO    General                 (contig_output.hpp         : 342)   Outputting graph to /Users/Gungnir/qbb2016-answers/week02/spahi1//K55/assembly_graph.fastg
  0:02:36.352    20M / 5G    INFO    General                 (repeat_resolving.cpp      :  78)   Using Path-Extend repeat resolving
  0:02:36.352    20M / 5G    INFO    General                 (path_extend_launch.hpp    :1056)   ExSPAnder repeat resolving tool started
  0:02:36.353    20M / 5G    INFO    General                 (path_extend_launch.hpp    :1094)   SUBSTAGE = paired-end libraries
  0:02:36.356    20M / 5G    INFO    General                 (path_extend_launch.hpp    : 465)   Threshold for lib #0: 2.5355
  0:02:36.358    20M / 5G    INFO    General                 (path_extend_launch.hpp    : 465)   Threshold for lib #0: 2.5355
  0:02:36.362    20M / 5G    INFO    General                 (path_extend_launch.hpp    : 874)   Using 1 paired-end library
  0:02:36.362    20M / 5G    INFO    General                 (path_extend_launch.hpp    : 875)   Using 1 paired-end scaffolding library
  0:02:36.362    20M / 5G    INFO    General                 (path_extend_launch.hpp    : 876)   Using 0 mate-pair libraries
  0:02:36.362    20M / 5G    INFO    General                 (path_extend_launch.hpp    : 877)   Using 0 single read libraries
  0:02:36.362    20M / 5G    INFO    General                 (path_extend_launch.hpp    : 878)   Scaffolder is on
  0:02:36.362    20M / 5G    INFO    General                 (path_extend_launch.hpp    :1115)   Growing paths using paired-end and long single reads
  0:02:36.362    20M / 5G    INFO    General                 (path_extend_launch.hpp    :1116)   Multi path extend is off
  0:02:36.362    20M / 5G    INFO    General                 (path_extend_launch.hpp    :1117)   Overlap removal is on
  0:02:36.382    20M / 5G    INFO    General                 (path_extend_launch.hpp    : 465)   Threshold for lib #0: 2.5355
  0:02:36.384    20M / 5G    INFO    General                 (path_extend_launch.hpp    : 465)   Threshold for lib #0: 2.5355
  0:02:36.387    20M / 5G    INFO    General                 (path_extend_launch.hpp    : 874)   Using 1 paired-end library
  0:02:36.387    20M / 5G    INFO    General                 (path_extend_launch.hpp    : 875)   Using 1 paired-end scaffolding library
  0:02:36.387    20M / 5G    INFO    General                 (path_extend_launch.hpp    : 876)   Using 0 mate-pair libraries
  0:02:36.387    20M / 5G    INFO    General                 (path_extend_launch.hpp    : 877)   Using 0 single read libraries
  0:02:36.387    20M / 5G    INFO    General                 (path_extend_launch.hpp    : 878)   Scaffolder is on
  0:02:36.399    20M / 5G    INFO   PathExtendIO             (pe_io.hpp                 : 214)   Writing contigs to /Users/Gungnir/qbb2016-answers/week02/spahi1//K55/final_contigs
  0:02:36.406    20M / 5G    INFO    General                 (path_extend_launch.hpp    : 263)   Traversing tandem repeats
  0:02:36.406    20M / 5G    INFO   PathExtendIO             (pe_io.hpp                 : 214)   Writing contigs to /Users/Gungnir/qbb2016-answers/week02/spahi1//K55/scaffolds
  0:02:36.443    16M / 5G    INFO    General                 (launch.hpp                : 121)   SPAdes finished
  0:02:36.444    16M / 5G    INFO    General                 (main.cpp                  : 109)   Assembling time: 0 hours 2 minutes 36 seconds

===== Assembling finished. Used k-mer sizes: 21, 33, 55 

 * Assembled contigs are in /Users/Gungnir/qbb2016-answers/week02/spahi1/contigs.fasta
 * Assembled scaffolds are in /Users/Gungnir/qbb2016-answers/week02/spahi1/scaffolds.fasta
 * Assembly graph is in /Users/Gungnir/qbb2016-answers/week02/spahi1/assembly_graph.fastg
 * Paths in the assembly graph corresponding to the contigs are in /Users/Gungnir/qbb2016-answers/week02/spahi1/contigs.paths
 * Paths in the assembly graph corresponding to the scaffolds are in /Users/Gungnir/qbb2016-answers/week02/spahi1/scaffolds.paths

======= SPAdes pipeline finished.

SPAdes log can be found here: /Users/Gungnir/qbb2016-answers/week02/spahi1/spades.log

Thank you for using SPAdes!
